0001_0088_0067_0043_0043.jpg 1 88 67 43 43
0002_0085_0104_0085_0085.jpg 1 85 104 85 85
0003_0387_0187_0032_0032.jpg 1 387 187 32 32
0004_0196_0104_0032_0032.jpg 1 196 104 32 32
0005_0115_0130_0074_0074.jpg 1 115 130 74 74
0006_0276_0153_0040_0040.jpg 1 276 153 40 40
0007_0324_0118_0075_0075.jpg 1 324 118 75 75
0008_0124_0083_0049_0049.jpg 1 124 83 49 49
0009_0112_0150_0034_0034.jpg 1 112 150 34 34
0010_0119_0026_0107_0107.jpg 1 119 26 107 107
0011_0099_0138_0044_0044.jpg 1 99 138 44 44
0012_0273_0190_0060_0060.jpg 1 273 190 60 60
0013_0112_0328_0062_0062.jpg 1 112 328 62 62
0014_0195_0210_0091_0091.jpg 1 195 210 91 91
0015_0063_0064_0085_0085.jpg 1 63 64 85 85
0016_0085_0134_0050_0050.jpg 1 85 134 50 50
0017_0369_0098_0043_0043.jpg 1 369 98 43 43
0018_0210_0181_0099_0099.jpg 1 210 181 99 99
0019_0293_0158_0064_0064.jpg 1 293 158 64 64
0020_0175_0025_0095_0095.jpg 1 175 25 95 95
0021_0065_0074_0106_0106.jpg 1 65 74 106 106
0022_0061_0047_0080_0080.jpg 1 61 47 80 80
0023_0181_0041_0094_0094.jpg 1 181 41 94 94
0024_0162_0067_0091_0091.jpg 1 162 67 91 91
0025_0110_0107_0100_0100.jpg 1 110 107 100 100
0026_0072_0107_0077_0077.jpg 1 72 107 77 77
0027_0087_0106_0035_0035.jpg 1 87 106 35 35
0028_0197_0040_0100_0100.jpg 1 197 40 100 100
0029_0200_0212_0038_0038.jpg 1 200 212 38 38
0030_0204_0250_0108_0108.jpg 1 204 250 108 108
0031_0121_0123_0066_0066.jpg 1 121 123 66 66
0032_0107_0354_0075_0075.jpg 1 107 354 75 75
0033_0168_0179_0028_0028.jpg 1 168 179 28 28
0034_0276_0256_0059_0059.jpg 1 276 256 59 59
0035_0088_0292_0074_0074.jpg 1 88 292 74 74
0036_0099_0117_0094_0094.jpg 1 99 117 94 94
0037_0089_0167_0048_0048.jpg 1 89 167 48 48
0038_0419_0320_0041_0041.jpg 1 419 320 41 41
0039_0426_0280_0046_0046.jpg 1 426 280 46 46
0040_0120_0309_0030_0030.jpg 1 120 309 30 30
0041_0177_0067_0099_0099.jpg 1 177 67 99 99
0042_0017_0039_0102_0102.jpg 1 17 39 102 102
0043_0369_0045_0095_0095.jpg 1 369 45 95 95
0044_0473_0232_0025_0025.jpg 1 473 232 25 25
0045_0079_0018_0088_0088.jpg 1 79 18 88 88
0046_0311_0061_0095_0095.jpg 1 311 61 95 95
0047_0088_0020_0044_0044.jpg 1 88 20 44 44
0048_0059_0156_0027_0027.jpg 1 59 156 27 27
0049_0085_0042_0092_0092.jpg 1 85 42 92 92
0050_0191_0151_0032_0032.jpg 1 191 151 32 32
0051_0136_0139_0079_0079.jpg 1 136 139 79 79
0052_0057_0090_0089_0089.jpg 1 57 90 89 89
0053_0107_0179_0025_0025.jpg 1 107 179 25 25
0054_0143_0166_0084_0084.jpg 1 143 166 84 84
0055_0108_0165_0040_0040.jpg 1 108 165 40 40
0056_0297_0135_0072_0072.jpg 1 297 135 72 72
0057_0086_0113_0105_0105.jpg 1 86 113 105 105
0058_0061_0025_0080_0080.jpg 1 61 25 80 80
0059_0416_0334_0060_0060.jpg 1 416 334 60 60
0060_0206_0019_0079_0079.jpg 1 206 19 79 79
0061_0106_0092_0051_0051.jpg 1 106 92 51 51
0062_0194_0147_0057_0057.jpg 1 194 147 57 57
0063_0376_0255_0092_0092.jpg 1 376 255 92 92
0064_0036_0097_0064_0064.jpg 1 36 97 64 64
0065_0275_0288_0044_0044.jpg 1 275 288 44 44
0066_0059_0096_0104_0104.jpg 1 59 96 104 104
0067_0179_0185_0024_0024.jpg 1 179 185 24 24
0068_0055_0115_0060_0060.jpg 1 55 115 60 60
0069_0003_0070_0108_0108.jpg 1 3 70 108 108
0070_0025_0054_0106_0106.jpg 1 25 54 106 106
0071_0028_0146_0076_0076.jpg 1 28 146 76 76
0072_0224_0127_0039_0039.jpg 1 224 127 39 39
0073_0212_0132_0042_0042.jpg 1 212 132 42 42
0074_0082_0114_0083_0083.jpg 1 82 114 83 83
0075_0471_0240_0067_0067.jpg 1 471 240 67 67
0076_0335_0105_0096_0096.jpg 1 335 105 96 96
0077_0182_0047_0028_0028.jpg 1 182 47 28 28
0078_0184_0118_0049_0049.jpg 1 184 118 49 49
0079_0221_0367_0055_0055.jpg 1 221 367 55 55
0080_0009_0081_0105_0105.jpg 1 9 81 105 105
0081_0078_0119_0032_0032.jpg 1 78 119 32 32
0082_0086_0067_0041_0041.jpg 1 86 67 41 41
0083_0252_0047_0026_0026.jpg 1 252 47 26 26
0084_0051_0049_0065_0065.jpg 1 51 49 65 65
0085_0084_0099_0101_0101.jpg 1 84 99 101 101
0086_0415_0055_0059_0059.jpg 1 415 55 59 59
0087_0076_0112_0076_0076.jpg 1 76 112 76 76
0088_0033_0074_0109_0109.jpg 1 33 74 109 109
0089_0077_0077_0044_0044.jpg 1 77 77 44 44
0090_0074_0284_0051_0051.jpg 1 74 284 51 51
0091_0332_0089_0078_0078.jpg 1 332 89 78 78
0092_0376_0325_0024_0024.jpg 1 376 325 24 24
0093_0513_0272_0063_0063.jpg 1 513 272 63 63
0094_0479_0126_0051_0051.jpg 1 479 126 51 51
0095_0421_0403_0026_0026.jpg 1 421 403 26 26
0096_0130_0141_0054_0054.jpg 1 130 141 54 54
0097_0221_0307_0051_0051.jpg 1 221 307 51 51
0098_0109_0189_0081_0081.jpg 1 109 189 81 81
0099_0227_0230_0040_0040.jpg 1 227 230 40 40
0100_0447_0291_0055_0055.jpg 1 447 291 55 55
0101_0077_0177_0037_0037.jpg 1 77 177 37 37
0102_0223_0091_0053_0053.jpg 1 223 91 53 53
0103_0034_0021_0091_0091.jpg 1 34 21 91 91
0104_0109_0042_0069_0069.jpg 1 109 42 69 69
0105_0045_0024_0064_0064.jpg 1 45 24 64 64
0106_0017_0028_0072_0072.jpg 1 17 28 72 72
0107_0118_0102_0034_0034.jpg 1 118 102 34 34
0108_0059_0058_0028_0028.jpg 1 59 58 28 28
0109_0158_0192_0101_0101.jpg 1 158 192 101 101
0110_0036_0044_0092_0092.jpg 1 36 44 92 92
0111_0018_0095_0080_0080.jpg 1 18 95 80 80
0112_0050_0143_0074_0074.jpg 1 50 143 74 74
0113_0028_0115_0066_0066.jpg 1 28 115 66 66
0114_0281_0315_0065_0065.jpg 1 281 315 65 65
0115_0073_0044_0067_0067.jpg 1 73 44 67 67
0116_0110_0084_0102_0102.jpg 1 110 84 102 102
0117_0079_0017_0109_0109.jpg 1 79 17 109 109
0118_0174_0253_0062_0062.jpg 1 174 253 62 62
0119_0233_0193_0057_0057.jpg 1 233 193 57 57
0120_0089_0373_0042_0042.jpg 1 89 373 42 42
0121_0265_0319_0069_0069.jpg 1 265 319 69 69
0122_0277_0306_0056_0056.jpg 1 277 306 56 56
0123_0111_0024_0055_0055.jpg 1 111 24 55 55
0124_0075_0121_0045_0045.jpg 1 75 121 45 45
0125_0108_0136_0072_0072.jpg 1 108 136 72 72
0126_0331_0302_0034_0034.jpg 1 331 302 34 34
0127_0044_0030_0101_0101.jpg 1 44 30 101 101
0128_0050_0061_0108_0108.jpg 1 50 61 108 108
0129_0512_0091_0047_0047.jpg 1 512 91 47 47
0130_0309_0480_0094_0094.jpg 1 309 480 94 94
0131_0107_0474_0082_0082.jpg 1 107 474 82 82
0132_0132_0158_0042_0042.jpg 1 132 158 42 42
0133_0138_0069_0106_0106.jpg 1 138 69 106 106
0134_0105_0075_0078_0078.jpg 1 105 75 78 78
0135_0418_0231_0086_0086.jpg 1 418 231 86 86
0136_0100_0063_0102_0102.jpg 1 100 63 102 102
0137_0040_0030_0055_0055.jpg 1 40 30 55 55
0138_0512_0098_0043_0043.jpg 1 512 98 43 43
0139_0225_0055_0073_0073.jpg 1 225 55 73 73
0140_0402_0290_0025_0025.jpg 1 402 290 25 25
0141_0054_0038_0054_0054.jpg 1 54 38 54 54
0142_0293_0123_0082_0082.jpg 1 293 123 82 82
0143_0136_0021_0035_0035.jpg 1 136 21 35 35
0144_0334_0307_0025_0025.jpg 1 334 307 25 25
0145_0433_0287_0028_0028.jpg 1 433 287 28 28
0146_0455_0115_0032_0032.jpg 1 455 115 32 32
0147_0121_0090_0042_0042.jpg 1 121 90 42 42
0148_0115_0033_0095_0095.jpg 1 115 33 95 95
0149_0013_0112_0100_0100.jpg 1 13 112 100 100
0150_0151_0266_0107_0107.jpg 1 151 266 107 107
0151_0178_0139_0087_0087.jpg 1 178 139 87 87
0152_0155_0058_0064_0064.jpg 1 155 58 64 64
0153_0026_0065_0062_0062.jpg 1 26 65 62 62
0154_0090_0081_0076_0076.jpg 1 90 81 76 76
0155_0134_0245_0087_0087.jpg 1 134 245 87 87
0156_0153_0077_0057_0057.jpg 1 153 77 57 57
0157_0123_0032_0073_0073.jpg 1 123 32 73 73
0158_0280_0240_0043_0043.jpg 1 280 240 43 43
0159_0094_0073_0096_0096.jpg 1 94 73 96 96
0160_0081_0065_0107_0107.jpg 1 81 65 107 107
0161_0059_0098_0036_0036.jpg 1 59 98 36 36
0162_0426_0209_0088_0088.jpg 1 426 209 88 88
0163_0124_0117_0049_0049.jpg 1 124 117 49 49
0164_0081_0072_0072_0072.jpg 1 81 72 72 72
0165_0157_0132_0037_0037.jpg 1 157 132 37 37
0166_0329_0222_0079_0079.jpg 1 329 222 79 79
0167_0214_0064_0106_0106.jpg 1 214 64 106 106
0168_0103_0017_0084_0084.jpg 1 103 17 84 84
0169_0188_0237_0092_0092.jpg 1 188 237 92 92
0170_0127_0320_0054_0054.jpg 1 127 320 54 54
0171_0243_0299_0053_0053.jpg 1 243 299 53 53
0172_0129_0179_0041_0041.jpg 1 129 179 41 41
0173_0105_0013_0028_0028.jpg 1 105 13 28 28
0174_0122_0163_0049_0049.jpg 1 122 163 49 49
0175_0100_0045_0060_0060.jpg 1 100 45 60 60
0176_0505_0203_0053_0053.jpg 1 505 203 53 53
0177_0024_0125_0074_0074.jpg 1 24 125 74 74
0178_0443_0215_0062_0062.jpg 1 443 215 62 62
0179_0205_0055_0028_0028.jpg 1 205 55 28 28
0180_0074_0074_0097_0097.jpg 1 74 74 97 97
0181_0037_0052_0109_0109.jpg 1 37 52 109 109
0182_0087_0094_0024_0024.jpg 1 87 94 24 24
0183_0359_0256_0109_0109.jpg 1 359 256 109 109
0184_0053_0106_0079_0079.jpg 1 53 106 79 79
0185_0095_0113_0052_0052.jpg 1 95 113 52 52
0186_0058_0182_0031_0031.jpg 1 58 182 31 31
0187_0013_0025_0080_0080.jpg 1 13 25 80 80
0188_0325_0121_0064_0064.jpg 1 325 121 64 64
0189_0376_0329_0025_0025.jpg 1 376 329 25 25
0190_0019_0097_0109_0109.jpg 1 19 97 109 109
0191_0253_0309_0052_0052.jpg 1 253 309 52 52
0192_0425_0198_0093_0093.jpg 1 425 198 93 93
0193_0121_0023_0038_0038.jpg 1 121 23 38 38
0194_0109_0178_0028_0028.jpg 1 109 178 28 28
0195_0120_0056_0086_0086.jpg 1 120 56 86 86
0196_0129_0089_0050_0050.jpg 1 129 89 50 50
0197_0226_0372_0030_0030.jpg 1 226 372 30 30
0198_0063_0099_0048_0048.jpg 1 63 99 48 48
0199_0109_0198_0087_0087.jpg 1 109 198 87 87
0200_0029_0073_0074_0074.jpg 1 29 73 74 74
0201_0158_0380_0092_0092.jpg 1 158 380 92 92
0202_0103_0141_0091_0091.jpg 1 103 141 91 91
0203_0330_0092_0095_0095.jpg 1 330 92 95 95
0204_0169_0144_0072_0072.jpg 1 169 144 72 72
0205_0148_0052_0058_0058.jpg 1 148 52 58 58
0206_0164_0023_0092_0092.jpg 1 164 23 92 92
0207_0157_0045_0038_0038.jpg 1 157 45 38 38
0208_0106_0141_0031_0031.jpg 1 106 141 31 31
0209_0058_0226_0061_0061.jpg 1 58 226 61 61
0210_0295_0343_0075_0075.jpg 1 295 343 75 75
0211_0037_0024_0032_0032.jpg 1 37 24 32 32
0212_0240_0299_0030_0030.jpg 1 240 299 30 30
0213_0113_0114_0090_0090.jpg 1 113 114 90 90
0214_0071_0074_0080_0080.jpg 1 71 74 80 80
0215_0110_0021_0049_0049.jpg 1 110 21 49 49
0216_0064_0076_0082_0082.jpg 1 64 76 82 82
0217_0218_0240_0073_0073.jpg 1 218 240 73 73
0218_0177_0299_0084_0084.jpg 1 177 299 84 84
0219_0218_0252_0079_0079.jpg 1 218 252 79 79
0220_0458_0127_0103_0103.jpg 1 458 127 103 103
0221_0158_0044_0029_0029.jpg 1 158 44 29 29
0222_0490_0300_0062_0062.jpg 1 490 300 62 62
0223_0016_0044_0101_0101.jpg 1 16 44 101 101
0224_0198_0080_0074_0074.jpg 1 198 80 74 74
0225_0097_0147_0025_0025.jpg 1 97 147 25 25
0226_0079_0328_0094_0094.jpg 1 79 328 94 94
0227_0542_0385_0026_0026.jpg 1 542 385 26 26
0228_0038_0083_0038_0038.jpg 1 38 83 38 38
0229_0247_0238_0051_0051.jpg 1 247 238 51 51
0230_0065_0059_0071_0071.jpg 1 65 59 71 71
0231_0078_0038_0090_0090.jpg 1 78 38 90 90
0232_0204_0064_0048_0048.jpg 1 204 64 48 48
0233_0328_0124_0101_0101.jpg 1 328 124 101 101
0234_0160_0350_0068_0068.jpg 1 160 350 68 68
0235_0409_0259_0045_0045.jpg 1 409 259 45 45
0236_0061_0085_0108_0108.jpg 1 61 85 108 108
0237_0121_0111_0054_0054.jpg 1 121 111 54 54
0238_0379_0177_0106_0106.jpg 1 379 177 106 106
0239_0089_0104_0026_0026.jpg 1 89 104 26 26
0240_0273_0293_0074_0074.jpg 1 273 293 74 74
0241_0126_0018_0102_0102.jpg 1 126 18 102 102
0242_0137_0090_0098_0098.jpg 1 137 90 98 98
0243_0357_0309_0055_0055.jpg 1 357 309 55 55
0244_0120_0224_0050_0050.jpg 1 120 224 50 50
0245_0105_0153_0029_0029.jpg 1 105 153 29 29
0246_0141_0052_0078_0078.jpg 1 141 52 78 78
0247_0049_0029_0080_0080.jpg 1 49 29 80 80
0248_0116_0282_0088_0088.jpg 1 116 282 88 88
0249_0385_0253_0095_0095.jpg 1 385 253 95 95
0250_0056_0165_0041_0041.jpg 1 56 165 41 41
0251_0120_0059_0034_0034.jpg 1 120 59 34 34
0252_0188_0054_0068_0068.jpg 1 188 54 68 68
0253_0083_0087_0037_0037.jpg 1 83 87 37 37
0254_0185_0237_0038_0038.jpg 1 185 237 38 38
0255_0234_0528_0043_0043.jpg 1 234 528 43 43
0256_0106_0485_0094_0094.jpg 1 106 485 94 94
0257_0289_0235_0099_0099.jpg 1 289 235 99 99
0258_0049_0111_0075_0075.jpg 1 49 111 75 75
0259_0206_0081_0093_0093.jpg 1 206 81 93 93
0260_0031_0077_0080_0080.jpg 1 31 77 80 80
0261_0092_0143_0031_0031.jpg 1 92 143 31 31
0262_0348_0316_0066_0066.jpg 1 348 316 66 66
0263_0046_0094_0033_0033.jpg 1 46 94 33 33
0264_0124_0053_0045_0045.jpg 1 124 53 45 45
0265_0173_0140_0026_0026.jpg 1 173 140 26 26
0266_0371_0164_0054_0054.jpg 1 371 164 54 54
0267_0396_0320_0096_0096.jpg 1 396 320 96 96
0268_0399_0246_0104_0104.jpg 1 399 246 104 104
0269_0291_0088_0064_0064.jpg 1 291 88 64 64
0270_0100_0411_0040_0040.jpg 1 100 411 40 40
0271_0431_0183_0095_0095.jpg 1 431 183 95 95
0272_0098_0056_0068_0068.jpg 1 98 56 68 68
0273_0477_0332_0075_0075.jpg 1 477 332 75 75
0274_0055_0336_0100_0100.jpg 1 55 336 100 100
0275_0168_0045_0060_0060.jpg 1 168 45 60 60
0276_0310_0317_0082_0082.jpg 1 310 317 82 82
0277_0440_0240_0037_0037.jpg 1 440 240 37 37
0278_0463_0334_0100_0100.jpg 1 463 334 100 100
0279_0234_0083_0046_0046.jpg 1 234 83 46 46
0280_0110_0226_0079_0079.jpg 1 110 226 79 79
0281_0103_0044_0075_0075.jpg 1 103 44 75 75
0282_0173_0090_0074_0074.jpg 1 173 90 74 74
0283_0209_0035_0084_0084.jpg 1 209 35 84 84
0284_0063_0019_0067_0067.jpg 1 63 19 67 67
0285_0086_0154_0048_0048.jpg 1 86 154 48 48
0286_0087_0116_0093_0093.jpg 1 87 116 93 93
0287_0370_0526_0049_0049.jpg 1 370 526 49 49
0288_0033_0011_0093_0093.jpg 1 33 11 93 93
0289_0051_0033_0042_0042.jpg 1 51 33 42 42
0290_0089_0093_0097_0097.jpg 1 89 93 97 97
0291_0092_0023_0103_0103.jpg 1 92 23 103 103
0292_0437_0120_0038_0038.jpg 1 437 120 38 38
0293_0099_0093_0072_0072.jpg 1 99 93 72 72
0294_0464_0247_0109_0109.jpg 1 464 247 109 109
0295_0364_0443_0075_0075.jpg 1 364 443 75 75
0296_0046_0171_0040_0040.jpg 1 46 171 40 40
0297_0091_0146_0063_0063.jpg 1 91 146 63 63
0298_0304_0268_0035_0035.jpg 1 304 268 35 35
0299_0232_0442_0069_0069.jpg 1 232 442 69 69
0300_0486_0337_0079_0079.jpg 1 486 337 79 79
0301_0134_0103_0075_0075.jpg 1 134 103 75 75
0302_0055_0334_0098_0098.jpg 1 55 334 98 98
0303_0101_0056_0106_0106.jpg 1 101 56 106 106
0304_0301_0226_0100_0100.jpg 1 301 226 100 100
0305_0291_0090_0100_0100.jpg 1 291 90 100 100
0306_0148_0233_0096_0096.jpg 1 148 233 96 96
0307_0428_0071_0037_0037.jpg 1 428 71 37 37
0308_0077_0144_0024_0024.jpg 1 77 144 24 24
0309_0299_0109_0093_0093.jpg 1 299 109 93 93
0310_0447_0287_0056_0056.jpg 1 447 287 56 56
0311_0017_0099_0044_0044.jpg 1 17 99 44 44
0312_0454_0259_0055_0055.jpg 1 454 259 55 55
0313_0119_0062_0086_0086.jpg 1 119 62 86 86
0314_0153_0043_0029_0029.jpg 1 153 43 29 29
0315_0189_0323_0095_0095.jpg 1 189 323 95 95
0316_0186_0081_0048_0048.jpg 1 186 81 48 48
0317_0028_0062_0044_0044.jpg 1 28 62 44 44
0318_0440_0377_0044_0044.jpg 1 440 377 44 44
0319_0328_0405_0029_0029.jpg 1 328 405 29 29
0320_0064_0055_0105_0105.jpg 1 64 55 105 105
0321_0045_0086_0075_0075.jpg 1 45 86 75 75
0322_0385_0284_0037_0037.jpg 1 385 284 37 37
0323_0110_0138_0074_0074.jpg 1 110 138 74 74
0324_0453_0154_0060_0060.jpg 1 453 154 60 60
0325_0429_0267_0056_0056.jpg 1 429 267 56 56
0326_0049_0079_0067_0067.jpg 1 49 79 67 67
0327_0342_0500_0044_0044.jpg 1 342 500 44 44
0328_0366_0117_0107_0107.jpg 1 366 117 107 107
0329_0474_0075_0074_0074.jpg 1 474 75 74 74
0330_0173_0091_0098_0098.jpg 1 173 91 98 98
0331_0199_0298_0055_0055.jpg 1 199 298 55 55
0332_0146_0181_0105_0105.jpg 1 146 181 105 105
0333_0237_0047_0025_0025.jpg 1 237 47 25 25
0334_0179_0034_0092_0092.jpg 1 179 34 92 92
0335_0104_0074_0084_0084.jpg 1 104 74 84 84
0336_0176_0253_0093_0093.jpg 1 176 253 93 93
0337_0141_0063_0047_0047.jpg 1 141 63 47 47
0338_0196_0121_0064_0064.jpg 1 196 121 64 64
0339_0372_0211_0065_0065.jpg 1 372 211 65 65
0340_0149_0160_0048_0048.jpg 1 149 160 48 48
0341_0189_0037_0078_0078.jpg 1 189 37 78 78
0342_0077_0063_0055_0055.jpg 1 77 63 55 55
0343_0142_0034_0068_0068.jpg 1 142 34 68 68
0344_0078_0015_0107_0107.jpg 1 78 15 107 107
0345_0495_0068_0052_0052.jpg 1 495 68 52 52
0346_0168_0269_0084_0084.jpg 1 168 269 84 84
0347_0048_0136_0046_0046.jpg 1 48 136 46 46
0348_0085_0139_0059_0059.jpg 1 85 139 59 59
0349_0300_0165_0099_0099.jpg 1 300 165 99 99
0350_0245_0142_0077_0077.jpg 1 245 142 77 77
0351_0408_0225_0107_0107.jpg 1 408 225 107 107
0352_0087_0098_0079_0079.jpg 1 87 98 79 79
0353_0163_0208_0058_0058.jpg 1 163 208 58 58
0354_0263_0207_0038_0038.jpg 1 263 207 38 38
0355_0137_0057_0059_0059.jpg 1 137 57 59 59
0356_0043_0128_0072_0072.jpg 1 43 128 72 72
0357_0021_0068_0079_0079.jpg 1 21 68 79 79
0358_0180_0209_0054_0054.jpg 1 180 209 54 54
0359_0034_0118_0081_0081.jpg 1 34 118 81 81
0360_0457_0145_0053_0053.jpg 1 457 145 53 53
0361_0121_0084_0036_0036.jpg 1 121 84 36 36
0362_0174_0034_0050_0050.jpg 1 174 34 50 50
0363_0143_0320_0077_0077.jpg 1 143 320 77 77
0364_0197_0112_0039_0039.jpg 1 197 112 39 39
0365_0082_0049_0080_0080.jpg 1 82 49 80 80
0366_0017_0046_0044_0044.jpg 1 17 46 44 44
0367_0474_0067_0024_0024.jpg 1 474 67 24 24
0368_0091_0024_0049_0049.jpg 1 91 24 49 49
0369_0066_0044_0063_0063.jpg 1 66 44 63 63
0370_0128_0064_0032_0032.jpg 1 128 64 32 32
0371_0095_0043_0050_0050.jpg 1 95 43 50 50
0372_0040_0135_0036_0036.jpg 1 40 135 36 36
0373_0070_0149_0058_0058.jpg 1 70 149 58 58
0374_0056_0057_0088_0088.jpg 1 56 57 88 88
0375_0163_0190_0099_0099.jpg 1 163 190 99 99
0376_0011_0036_0079_0079.jpg 1 11 36 79 79
0377_0093_0179_0081_0081.jpg 1 93 179 81 81
0378_0031_0027_0107_0107.jpg 1 31 27 107 107
0379_0036_0056_0064_0064.jpg 1 36 56 64 64
0380_0441_0195_0036_0036.jpg 1 441 195 36 36
0381_0327_0335_0105_0105.jpg 1 327 335 105 105
0382_0501_0149_0060_0060.jpg 1 501 149 60 60
0383_0438_0309_0056_0056.jpg 1 438 309 56 56
0384_0103_0382_0095_0095.jpg 1 103 382 95 95
0385_0312_0059_0104_0104.jpg 1 312 59 104 104
0386_0026_0071_0093_0093.jpg 1 26 71 93 93
0387_0063_0114_0076_0076.jpg 1 63 114 76 76
0388_0221_0071_0068_0068.jpg 1 221 71 68 68
0389_0277_0071_0096_0096.jpg 1 277 71 96 96
0390_0342_0499_0046_0046.jpg 1 342 499 46 46
0391_0126_0124_0108_0108.jpg 1 126 124 108 108
0392_0099_0079_0069_0069.jpg 1 99 79 69 69
0393_0314_0515_0066_0066.jpg 1 314 515 66 66
0394_0193_0050_0072_0072.jpg 1 193 50 72 72
0395_0263_0051_0106_0106.jpg 1 263 51 106 106
0396_0211_0101_0074_0074.jpg 1 211 101 74 74
0397_0191_0055_0054_0054.jpg 1 191 55 54 54
0398_0450_0295_0098_0098.jpg 1 450 295 98 98
0399_0178_0176_0031_0031.jpg 1 178 176 31 31
0400_0329_0282_0058_0058.jpg 1 329 282 58 58
0401_0079_0121_0088_0088.jpg 1 79 121 88 88
0402_0244_0323_0104_0104.jpg 1 244 323 104 104
0403_0025_0036_0100_0100.jpg 1 25 36 100 100
0404_0406_0341_0026_0026.jpg 1 406 341 26 26
0405_0064_0085_0028_0028.jpg 1 64 85 28 28
0406_0291_0261_0083_0083.jpg 1 291 261 83 83
0407_0047_0118_0106_0106.jpg 1 47 118 106 106
0408_0150_0159_0033_0033.jpg 1 150 159 33 33
0409_0053_0019_0059_0059.jpg 1 53 19 59 59
0410_0261_0059_0042_0042.jpg 1 261 59 42 42
0411_0320_0069_0048_0048.jpg 1 320 69 48 48
0412_0344_0332_0030_0030.jpg 1 344 332 30 30
0413_0222_0040_0065_0065.jpg 1 222 40 65 65
0414_0102_0194_0103_0103.jpg 1 102 194 103 103
0415_0153_0083_0070_0070.jpg 1 153 83 70 70
0416_0224_0235_0028_0028.jpg 1 224 235 28 28
0417_0094_0067_0096_0096.jpg 1 94 67 96 96
0418_0377_0058_0037_0037.jpg 1 377 58 37 37
0419_0282_0213_0082_0082.jpg 1 282 213 82 82
0420_0092_0060_0083_0083.jpg 1 92 60 83 83
0421_0087_0284_0095_0095.jpg 1 87 284 95 95
0422_0107_0103_0063_0063.jpg 1 107 103 63 63
0423_0058_0144_0066_0066.jpg 1 58 144 66 66
0424_0047_0060_0103_0103.jpg 1 47 60 103 103
0425_0251_0397_0092_0092.jpg 1 251 397 92 92
0426_0008_0020_0080_0080.jpg 1 8 20 80 80
0427_0068_0126_0048_0048.jpg 1 68 126 48 48
0428_0049_0037_0076_0076.jpg 1 49 37 76 76
0429_0389_0120_0048_0048.jpg 1 389 120 48 48
0430_0007_0111_0098_0098.jpg 1 7 111 98 98
0431_0043_0123_0073_0073.jpg 1 43 123 73 73
0432_0096_0062_0032_0032.jpg 1 96 62 32 32
0433_0092_0351_0054_0054.jpg 1 92 351 54 54
0434_0427_0206_0047_0047.jpg 1 427 206 47 47
0435_0227_0364_0090_0090.jpg 1 227 364 90 90
0436_0102_0159_0063_0063.jpg 1 102 159 63 63
0437_0173_0079_0080_0080.jpg 1 173 79 80 80
0438_0389_0144_0054_0054.jpg 1 389 144 54 54
0439_0223_0193_0063_0063.jpg 1 223 193 63 63
0440_0152_0204_0062_0062.jpg 1 152 204 62 62
0441_0463_0084_0096_0096.jpg 1 463 84 96 96
0442_0135_0057_0109_0109.jpg 1 135 57 109 109
0443_0194_0182_0103_0103.jpg 1 194 182 103 103
0444_0318_0104_0097_0097.jpg 1 318 104 97 97
0445_0041_0048_0109_0109.jpg 1 41 48 109 109
0446_0071_0062_0109_0109.jpg 1 71 62 109 109
0447_0026_0075_0084_0084.jpg 1 26 75 84 84
0448_0070_0058_0058_0058.jpg 1 70 58 58 58
0449_0051_0117_0065_0065.jpg 1 51 117 65 65
0450_0126_0043_0082_0082.jpg 1 126 43 82 82
0451_0374_0081_0101_0101.jpg 1 374 81 101 101
0452_0379_0164_0093_0093.jpg 1 379 164 93 93
0453_0097_0098_0027_0027.jpg 1 97 98 27 27
0454_0107_0064_0044_0044.jpg 1 107 64 44 44
0455_0167_0068_0030_0030.jpg 1 167 68 30 30
0456_0076_0132_0054_0054.jpg 1 76 132 54 54
0457_0134_0064_0079_0079.jpg 1 134 64 79 79
0458_0426_0132_0032_0032.jpg 1 426 132 32 32
0459_0196_0141_0054_0054.jpg 1 196 141 54 54
0460_0213_0488_0034_0034.jpg 1 213 488 34 34
0461_0025_0080_0095_0095.jpg 1 25 80 95 95
0462_0119_0122_0029_0029.jpg 1 119 122 29 29
0463_0114_0323_0064_0064.jpg 1 114 323 64 64
0464_0243_0311_0025_0025.jpg 1 243 311 25 25
0465_0064_0112_0079_0079.jpg 1 64 112 79 79
0466_0120_0121_0049_0049.jpg 1 120 121 49 49
0467_0298_0218_0104_0104.jpg 1 298 218 104 104
0468_0273_0074_0094_0094.jpg 1 273 74 94 94
0469_0260_0329_0050_0050.jpg 1 260 329 50 50
0470_0032_0031_0096_0096.jpg 1 32 31 96 96
0471_0037_0015_0106_0106.jpg 1 37 15 106 106
0472_0090_0021_0049_0049.jpg 1 90 21 49 49
0473_0051_0099_0067_0067.jpg 1 51 99 67 67
0474_0097_0265_0092_0092.jpg 1 97 265 92 92
0475_0361_0286_0037_0037.jpg 1 361 286 37 37
0476_0138_0180_0083_0083.jpg 1 138 180 83 83
0477_0353_0281_0061_0061.jpg 1 353 281 61 61
0478_0020_0162_0058_0058.jpg 1 20 162 58 58
0479_0040_0123_0082_0082.jpg 1 40 123 82 82
0480_0095_0080_0084_0084.jpg 1 95 80 84 84
0481_0027_0105_0108_0108.jpg 1 27 105 108 108
0482_0103_0048_0048_0048.jpg 1 103 48 48 48
0483_0064_0271_0036_0036.jpg 1 64 271 36 36
0484_0173_0033_0070_0070.jpg 1 173 33 70 70
0485_0293_0332_0094_0094.jpg 1 293 332 94 94
0486_0107_0087_0098_0098.jpg 1 107 87 98 98
0487_0090_0138_0048_0048.jpg 1 90 138 48 48
0488_0299_0079_0078_0078.jpg 1 299 79 78 78
0489_0095_0056_0061_0061.jpg 1 95 56 61 61
0490_0181_0113_0072_0072.jpg 1 181 113 72 72
0491_0036_0121_0103_0103.jpg 1 36 121 103 103
0492_0179_0102_0066_0066.jpg 1 179 102 66 66
0493_0080_0447_0107_0107.jpg 1 80 447 107 107
0494_0078_0120_0025_0025.jpg 1 78 120 25 25
0495_0164_0053_0102_0102.jpg 1 164 53 102 102
0496_0079_0126_0081_0081.jpg 1 79 126 81 81
0497_0124_0013_0080_0080.jpg 1 124 13 80 80
0498_0501_0283_0077_0077.jpg 1 501 283 77 77
0499_0389_0244_0069_0069.jpg 1 389 244 69 69
0500_0025_0093_0091_0091.jpg 1 25 93 91 91
0501_0076_0097_0035_0035.jpg 1 76 97 35 35
0502_0011_0042_0110_0110.jpg 1 11 42 110 110
0503_0303_0319_0072_0072.jpg 1 303 319 72 72
0504_0082_0129_0063_0063.jpg 1 82 129 63 63
0505_0028_0113_0075_0075.jpg 1 28 113 75 75
0506_0037_0181_0033_0033.jpg 1 37 181 33 33
0507_0060_0062_0079_0079.jpg 1 60 62 79 79
0508_0027_0015_0093_0093.jpg 1 27 15 93 93
0509_0369_0125_0076_0076.jpg 1 369 125 76 76
0510_0228_0391_0077_0077.jpg 1 228 391 77 77
0511_0069_0170_0049_0049.jpg 1 69 170 49 49
0512_0106_0027_0049_0049.jpg 1 106 27 49 49
0513_0044_0097_0067_0067.jpg 1 44 97 67 67
0514_0181_0151_0040_0040.jpg 1 181 151 40 40
0515_0028_0059_0048_0048.jpg 1 28 59 48 48
0516_0055_0075_0099_0099.jpg 1 55 75 99 99
0517_0026_0068_0066_0066.jpg 1 26 68 66 66
0518_0162_0439_0034_0034.jpg 1 162 439 34 34
0519_0060_0092_0059_0059.jpg 1 60 92 59 59
0520_0143_0149_0025_0025.jpg 1 143 149 25 25
0521_0442_0232_0066_0066.jpg 1 442 232 66 66
0522_0089_0055_0098_0098.jpg 1 89 55 98 98
0523_0227_0032_0029_0029.jpg 1 227 32 29 29
0524_0352_0342_0082_0082.jpg 1 352 342 82 82
0525_0056_0050_0109_0109.jpg 1 56 50 109 109
0526_0175_0097_0061_0061.jpg 1 175 97 61 61
0527_0031_0079_0030_0030.jpg 1 31 79 30 30
0528_0547_0295_0027_0027.jpg 1 547 295 27 27
0529_0549_0246_0029_0029.jpg 1 549 246 29 29
0530_0467_0201_0093_0093.jpg 1 467 201 93 93
0531_0075_0149_0026_0026.jpg 1 75 149 26 26
0532_0096_0063_0101_0101.jpg 1 96 63 101 101
0533_0019_0074_0078_0078.jpg 1 19 74 78 78
0534_0074_0047_0093_0093.jpg 1 74 47 93 93
0535_0255_0207_0068_0068.jpg 1 255 207 68 68
0536_0097_0154_0028_0028.jpg 1 97 154 28 28
0537_0061_0405_0082_0082.jpg 1 61 405 82 82
0538_0101_0115_0092_0092.jpg 1 101 115 92 92
0539_0287_0153_0088_0088.jpg 1 287 153 88 88
0540_0327_0230_0101_0101.jpg 1 327 230 101 101
0541_0370_0225_0097_0097.jpg 1 370 225 97 97
0542_0094_0103_0029_0029.jpg 1 94 103 29 29
0543_0238_0165_0035_0035.jpg 1 238 165 35 35
0544_0079_0179_0065_0065.jpg 1 79 179 65 65
0545_0228_0162_0030_0030.jpg 1 228 162 30 30
0546_0410_0155_0072_0072.jpg 1 410 155 72 72
0547_0219_0249_0041_0041.jpg 1 219 249 41 41
0548_0077_0472_0093_0093.jpg 1 77 472 93 93
0549_0201_0199_0042_0042.jpg 1 201 199 42 42
0550_0054_0085_0108_0108.jpg 1 54 85 108 108
0551_0339_0084_0061_0061.jpg 1 339 84 61 61
0552_0422_0191_0072_0072.jpg 1 422 191 72 72
0553_0397_0258_0071_0071.jpg 1 397 258 71 71
0554_0067_0171_0106_0106.jpg 1 67 171 106 106
0555_0086_0059_0054_0054.jpg 1 86 59 54 54
0556_0044_0462_0079_0079.jpg 1 44 462 79 79
0557_0111_0318_0025_0025.jpg 1 111 318 25 25
0558_0188_0305_0043_0043.jpg 1 188 305 43 43
0559_0084_0077_0084_0084.jpg 1 84 77 84 84
0560_0173_0108_0110_0110.jpg 1 173 108 110 110
0561_0462_0196_0101_0101.jpg 1 462 196 101 101
0562_0200_0077_0085_0085.jpg 1 200 77 85 85
0563_0347_0284_0034_0034.jpg 1 347 284 34 34
0564_0132_0066_0044_0044.jpg 1 132 66 44 44
0565_0048_0141_0078_0078.jpg 1 48 141 78 78
0566_0031_0077_0082_0082.jpg 1 31 77 82 82
0567_0231_0192_0105_0105.jpg 1 231 192 105 105
0568_0307_0229_0086_0086.jpg 1 307 229 86 86
0569_0230_0242_0040_0040.jpg 1 230 242 40 40
0570_0192_0017_0086_0086.jpg 1 192 17 86 86
0571_0322_0115_0050_0050.jpg 1 322 115 50 50
0572_0223_0076_0062_0062.jpg 1 223 76 62 62
0573_0414_0187_0075_0075.jpg 1 414 187 75 75
0574_0195_0207_0094_0094.jpg 1 195 207 94 94
0575_0528_0135_0051_0051.jpg 1 528 135 51 51
0576_0357_0282_0066_0066.jpg 1 357 282 66 66
0577_0111_0145_0026_0026.jpg 1 111 145 26 26
0578_0276_0126_0025_0025.jpg 1 276 126 25 25
0579_0072_0130_0090_0090.jpg 1 72 130 90 90
0580_0260_0277_0106_0106.jpg 1 260 277 106 106
0581_0498_0136_0056_0056.jpg 1 498 136 56 56
0582_0046_0099_0084_0084.jpg 1 46 99 84 84
0583_0257_0235_0038_0038.jpg 1 257 235 38 38
0584_0209_0032_0038_0038.jpg 1 209 32 38 38
0585_0342_0058_0071_0071.jpg 1 342 58 71 71
0586_0124_0302_0048_0048.jpg 1 124 302 48 48
0587_0043_0081_0110_0110.jpg 1 43 81 110 110
0588_0201_0060_0093_0093.jpg 1 201 60 93 93
0589_0154_0197_0101_0101.jpg 1 154 197 101 101
0590_0148_0236_0049_0049.jpg 1 148 236 49 49
0591_0057_0029_0074_0074.jpg 1 57 29 74 74
0592_0086_0047_0071_0071.jpg 1 86 47 71 71
0593_0259_0400_0049_0049.jpg 1 259 400 49 49
0594_0271_0328_0040_0040.jpg 1 271 328 40 40
0595_0122_0069_0086_0086.jpg 1 122 69 86 86
0596_0138_0059_0096_0096.jpg 1 138 59 96 96
0597_0080_0028_0068_0068.jpg 1 80 28 68 68
0598_0104_0332_0095_0095.jpg 1 104 332 95 95
0599_0066_0191_0069_0069.jpg 1 66 191 69 69
0600_0200_0134_0084_0084.jpg 1 200 134 84 84
0601_0136_0086_0083_0083.jpg 1 136 86 83 83
0602_0221_0347_0089_0089.jpg 1 221 347 89 89
0603_0270_0309_0043_0043.jpg 1 270 309 43 43
0604_0083_0030_0050_0050.jpg 1 83 30 50 50
0605_0029_0030_0098_0098.jpg 1 29 30 98 98
0606_0393_0352_0082_0082.jpg 1 393 352 82 82
0607_0155_0171_0048_0048.jpg 1 155 171 48 48
0608_0010_0092_0096_0096.jpg 1 10 92 96 96
0609_0262_0109_0055_0055.jpg 1 262 109 55 55
0610_0066_0093_0099_0099.jpg 1 66 93 99 99
0611_0124_0050_0101_0101.jpg 1 124 50 101 101
0612_0070_0026_0108_0108.jpg 1 70 26 108 108
0613_0045_0099_0066_0066.jpg 1 45 99 66 66
0614_0125_0051_0102_0102.jpg 1 125 51 102 102
0615_0107_0056_0028_0028.jpg 1 107 56 28 28
0616_0320_0309_0063_0063.jpg 1 320 309 63 63
0617_0524_0273_0053_0053.jpg 1 524 273 53 53
0618_0097_0117_0083_0083.jpg 1 97 117 83 83
0619_0496_0274_0064_0064.jpg 1 496 274 64 64
0620_0460_0129_0070_0070.jpg 1 460 129 70 70
0621_0153_0154_0045_0045.jpg 1 153 154 45 45
0622_0029_0050_0068_0068.jpg 1 29 50 68 68
0623_0083_0120_0093_0093.jpg 1 83 120 93 93
0624_0141_0330_0105_0105.jpg 1 141 330 105 105
0625_0339_0096_0061_0061.jpg 1 339 96 61 61
0626_0226_0056_0066_0066.jpg 1 226 56 66 66
0627_0144_0139_0040_0040.jpg 1 144 139 40 40
0628_0351_0307_0101_0101.jpg 1 351 307 101 101
0629_0213_0099_0063_0063.jpg 1 213 99 63 63
0630_0033_0068_0065_0065.jpg 1 33 68 65 65
0631_0218_0346_0040_0040.jpg 1 218 346 40 40
0632_0083_0095_0079_0079.jpg 1 83 95 79 79
0633_0097_0016_0105_0105.jpg 1 97 16 105 105
0634_0086_0093_0052_0052.jpg 1 86 93 52 52
0635_0244_0303_0065_0065.jpg 1 244 303 65 65
0636_0030_0149_0069_0069.jpg 1 30 149 69 69
0637_0147_0099_0028_0028.jpg 1 147 99 28 28
0638_0110_0066_0066_0066.jpg 1 110 66 66 66
0639_0042_0080_0103_0103.jpg 1 42 80 103 103
0640_0095_0096_0089_0089.jpg 1 95 96 89 89
0641_0457_0221_0037_0037.jpg 1 457 221 37 37
0642_0073_0044_0094_0094.jpg 1 73 44 94 94
0643_0186_0250_0096_0096.jpg 1 186 250 96 96
0644_0051_0046_0067_0067.jpg 1 51 46 67 67
0645_0397_0360_0048_0048.jpg 1 397 360 48 48
0646_0478_0232_0099_0099.jpg 1 478 232 99 99
0647_0330_0060_0042_0042.jpg 1 330 60 42 42
0648_0392_0335_0029_0029.jpg 1 392 335 29 29
0649_0199_0112_0026_0026.jpg 1 199 112 26 26
0650_0151_0143_0028_0028.jpg 1 151 143 28 28
0651_0050_0072_0104_0104.jpg 1 50 72 104 104
0652_0329_0126_0100_0100.jpg 1 329 126 100 100
0653_0400_0109_0091_0091.jpg 1 400 109 91 91
0654_0045_0125_0057_0057.jpg 1 45 125 57 57
0655_0297_0161_0074_0074.jpg 1 297 161 74 74
0656_0233_0177_0078_0078.jpg 1 233 177 78 78
0657_0465_0218_0104_0104.jpg 1 465 218 104 104
0658_0480_0313_0067_0067.jpg 1 480 313 67 67
0659_0072_0108_0024_0024.jpg 1 72 108 24 24
0660_0165_0142_0066_0066.jpg 1 165 142 66 66
0661_0235_0377_0057_0057.jpg 1 235 377 57 57
0662_0329_0100_0032_0032.jpg 1 329 100 32 32
0663_0205_0357_0046_0046.jpg 1 205 357 46 46
0664_0210_0113_0065_0065.jpg 1 210 113 65 65
0665_0076_0313_0068_0068.jpg 1 76 313 68 68
0666_0418_0225_0106_0106.jpg 1 418 225 106 106
0667_0446_0262_0081_0081.jpg 1 446 262 81 81
0668_0078_0092_0072_0072.jpg 1 78 92 72 72
0669_0134_0081_0051_0051.jpg 1 134 81 51 51
0670_0107_0035_0067_0067.jpg 1 107 35 67 67
0671_0071_0052_0108_0108.jpg 1 71 52 108 108
0672_0285_0090_0096_0096.jpg 1 285 90 96 96
0673_0047_0093_0108_0108.jpg 1 47 93 108 108
0674_0299_0157_0025_0025.jpg 1 299 157 25 25
0675_0313_0262_0107_0107.jpg 1 313 262 107 107
0676_0095_0107_0042_0042.jpg 1 95 107 42 42
0677_0032_0045_0073_0073.jpg 1 32 45 73 73
0678_0054_0058_0080_0080.jpg 1 54 58 80 80
0679_0233_0270_0040_0040.jpg 1 233 270 40 40
0680_0108_0072_0044_0044.jpg 1 108 72 44 44
0681_0236_0065_0031_0031.jpg 1 236 65 31 31
0682_0144_0143_0043_0043.jpg 1 144 143 43 43
0683_0080_0044_0104_0104.jpg 1 80 44 104 104
0684_0081_0064_0084_0084.jpg 1 81 64 84 84
0685_0339_0248_0027_0027.jpg 1 339 248 27 27
0686_0061_0040_0099_0099.jpg 1 61 40 99 99
0687_0459_0308_0066_0066.jpg 1 459 308 66 66
0688_0319_0070_0085_0085.jpg 1 319 70 85 85
0689_0038_0045_0070_0070.jpg 1 38 45 70 70
0690_0218_0399_0034_0034.jpg 1 218 399 34 34
0691_0308_0169_0076_0076.jpg 1 308 169 76 76
0692_0211_0382_0032_0032.jpg 1 211 382 32 32
0693_0256_0105_0027_0027.jpg 1 256 105 27 27
0694_0076_0118_0041_0041.jpg 1 76 118 41 41
0695_0441_0152_0074_0074.jpg 1 441 152 74 74
0696_0028_0037_0090_0090.jpg 1 28 37 90 90
0697_0053_0047_0058_0058.jpg 1 53 47 58 58
0698_0332_0203_0081_0081.jpg 1 332 203 81 81
0699_0374_0173_0093_0093.jpg 1 374 173 93 93
0700_0164_0024_0032_0032.jpg 1 164 24 32 32
0701_0111_0040_0068_0068.jpg 1 111 40 68 68
0702_0187_0162_0043_0043.jpg 1 187 162 43 43
0703_0144_0212_0062_0062.jpg 1 144 212 62 62
0704_0335_0402_0028_0028.jpg 1 335 402 28 28
0705_0312_0158_0103_0103.jpg 1 312 158 103 103
0706_0112_0207_0083_0083.jpg 1 112 207 83 83
0707_0212_0276_0036_0036.jpg 1 212 276 36 36
0708_0134_0269_0076_0076.jpg 1 134 269 76 76
0709_0041_0115_0080_0080.jpg 1 41 115 80 80
0710_0424_0090_0030_0030.jpg 1 424 90 30 30
0711_0246_0061_0104_0104.jpg 1 246 61 104 104
0712_0097_0163_0042_0042.jpg 1 97 163 42 42
0713_0071_0183_0029_0029.jpg 1 71 183 29 29
0714_0417_0280_0026_0026.jpg 1 417 280 26 26
0715_0065_0063_0099_0099.jpg 1 65 63 99 99
0716_0117_0160_0025_0025.jpg 1 117 160 25 25
0717_0470_0101_0109_0109.jpg 1 470 101 109 109
0718_0212_0436_0076_0076.jpg 1 212 436 76 76
0719_0170_0160_0036_0036.jpg 1 170 160 36 36
0720_0090_0144_0075_0075.jpg 1 90 144 75 75
0721_0036_0151_0064_0064.jpg 1 36 151 64 64
0722_0048_0137_0050_0050.jpg 1 48 137 50 50
0723_0118_0057_0047_0047.jpg 1 118 57 47 47
0724_0101_0121_0106_0106.jpg 1 101 121 106 106
0725_0032_0014_0091_0091.jpg 1 32 14 91 91
0726_0109_0100_0072_0072.jpg 1 109 100 72 72
0727_0223_0079_0065_0065.jpg 1 223 79 65 65
0728_0272_0388_0025_0025.jpg 1 272 388 25 25
0729_0457_0203_0061_0061.jpg 1 457 203 61 61
0730_0049_0027_0089_0089.jpg 1 49 27 89 89
0731_0200_0034_0096_0096.jpg 1 200 34 96 96
0732_0220_0255_0068_0068.jpg 1 220 255 68 68
0733_0078_0454_0053_0053.jpg 1 78 454 53 53
0734_0171_0088_0036_0036.jpg 1 171 88 36 36
0735_0290_0319_0083_0083.jpg 1 290 319 83 83
0736_0492_0124_0060_0060.jpg 1 492 124 60 60
0737_0328_0301_0077_0077.jpg 1 328 301 77 77
0738_0115_0081_0072_0072.jpg 1 115 81 72 72
0739_0095_0098_0108_0108.jpg 1 95 98 108 108
0740_0144_0058_0030_0030.jpg 1 144 58 30 30
0741_0104_0154_0057_0057.jpg 1 104 154 57 57
0742_0380_0255_0044_0044.jpg 1 380 255 44 44
0743_0073_0116_0105_0105.jpg 1 73 116 105 105
0744_0068_0081_0060_0060.jpg 1 68 81 60 60
0745_0222_0219_0071_0071.jpg 1 222 219 71 71
0746_0090_0037_0027_0027.jpg 1 90 37 27 27
0747_0338_0302_0028_0028.jpg 1 338 302 28 28
0748_0232_0204_0102_0102.jpg 1 232 204 102 102
0749_0123_0101_0060_0060.jpg 1 123 101 60 60
0750_0055_0102_0088_0088.jpg 1 55 102 88 88
0751_0421_0113_0097_0097.jpg 1 421 113 97 97
0752_0101_0072_0076_0076.jpg 1 101 72 76 76
0753_0194_0064_0081_0081.jpg 1 194 64 81 81
0754_0267_0351_0069_0069.jpg 1 267 351 69 69
0755_0176_0063_0106_0106.jpg 1 176 63 106 106
0756_0028_0060_0085_0085.jpg 1 28 60 85 85
0757_0370_0240_0064_0064.jpg 1 370 240 64 64
0758_0204_0064_0081_0081.jpg 1 204 64 81 81
0759_0525_0045_0041_0041.jpg 1 525 45 41 41
0760_0269_0212_0091_0091.jpg 1 269 212 91 91
0761_0053_0033_0047_0047.jpg 1 53 33 47 47
0762_0467_0259_0064_0064.jpg 1 467 259 64 64
0763_0057_0088_0044_0044.jpg 1 57 88 44 44
0764_0093_0031_0041_0041.jpg 1 93 31 41 41
0765_0149_0320_0052_0052.jpg 1 149 320 52 52
0766_0279_0069_0051_0051.jpg 1 279 69 51 51
0767_0247_0056_0036_0036.jpg 1 247 56 36 36
0768_0091_0057_0087_0087.jpg 1 91 57 87 87
0769_0062_0033_0051_0051.jpg 1 62 33 51 51
0770_0236_0456_0032_0032.jpg 1 236 456 32 32
0771_0131_0041_0072_0072.jpg 1 131 41 72 72
0772_0034_0092_0043_0043.jpg 1 34 92 43 43
0773_0060_0066_0091_0091.jpg 1 60 66 91 91
0774_0203_0153_0040_0040.jpg 1 203 153 40 40
0775_0268_0351_0065_0065.jpg 1 268 351 65 65
0776_0049_0075_0103_0103.jpg 1 49 75 103 103
0777_0162_0087_0109_0109.jpg 1 162 87 109 109
0778_0184_0047_0026_0026.jpg 1 184 47 26 26
0779_0132_0061_0075_0075.jpg 1 132 61 75 75
0780_0092_0019_0056_0056.jpg 1 92 19 56 56
0781_0056_0104_0046_0046.jpg 1 56 104 46 46
0782_0058_0122_0094_0094.jpg 1 58 122 94 94
0783_0378_0171_0095_0095.jpg 1 378 171 95 95
0784_0102_0120_0053_0053.jpg 1 102 120 53 53
0785_0025_0108_0076_0076.jpg 1 25 108 76 76
0786_0270_0280_0075_0075.jpg 1 270 280 75 75
0787_0103_0117_0038_0038.jpg 1 103 117 38 38
0788_0063_0080_0058_0058.jpg 1 63 80 58 58
0789_0127_0096_0069_0069.jpg 1 127 96 69 69
0790_0221_0477_0053_0053.jpg 1 221 477 53 53
0791_0040_0068_0036_0036.jpg 1 40 68 36 36
0792_0074_0059_0101_0101.jpg 1 74 59 101 101
0793_0148_0158_0046_0046.jpg 1 148 158 46 46
0794_0081_0089_0066_0066.jpg 1 81 89 66 66
0795_0006_0056_0101_0101.jpg 1 6 56 101 101
0796_0142_0119_0075_0075.jpg 1 142 119 75 75
0797_0029_0050_0105_0105.jpg 1 29 50 105 105
0798_0024_0105_0095_0095.jpg 1 24 105 95 95
0799_0023_0074_0108_0108.jpg 1 23 74 108 108
0800_0190_0158_0041_0041.jpg 1 190 158 41 41
0801_0287_0456_0036_0036.jpg 1 287 456 36 36
0802_0149_0097_0091_0091.jpg 1 149 97 91 91
0803_0449_0241_0050_0050.jpg 1 449 241 50 50
0804_0400_0246_0086_0086.jpg 1 400 246 86 86
0805_0066_0172_0098_0098.jpg 1 66 172 98 98
0806_0073_0078_0103_0103.jpg 1 73 78 103 103
0807_0147_0224_0103_0103.jpg 1 147 224 103 103
0808_0417_0159_0047_0047.jpg 1 417 159 47 47
0809_0392_0168_0062_0062.jpg 1 392 168 62 62
0810_0066_0223_0033_0033.jpg 1 66 223 33 33
0811_0356_0251_0059_0059.jpg 1 356 251 59 59
0812_0157_0077_0098_0098.jpg 1 157 77 98 98
0813_0208_0073_0058_0058.jpg 1 208 73 58 58
0814_0262_0164_0025_0025.jpg 1 262 164 25 25
0815_0438_0175_0075_0075.jpg 1 438 175 75 75
0816_0301_0308_0066_0066.jpg 1 301 308 66 66
0817_0067_0245_0106_0106.jpg 1 67 245 106 106
0818_0054_0053_0100_0100.jpg 1 54 53 100 100
0819_0068_0098_0042_0042.jpg 1 68 98 42 42
0820_0118_0165_0031_0031.jpg 1 118 165 31 31
0821_0291_0237_0068_0068.jpg 1 291 237 68 68
0822_0087_0169_0032_0032.jpg 1 87 169 32 32
0823_0034_0128_0079_0079.jpg 1 34 128 79 79
0824_0430_0290_0084_0084.jpg 1 430 290 84 84
0825_0197_0321_0044_0044.jpg 1 197 321 44 44
0826_0531_0276_0032_0032.jpg 1 531 276 32 32
0827_0268_0370_0034_0034.jpg 1 268 370 34 34
0828_0224_0217_0104_0104.jpg 1 224 217 104 104
0829_0084_0025_0025_0025.jpg 1 84 25 25 25
0830_0024_0021_0083_0083.jpg 1 24 21 83 83
0831_0207_0192_0097_0097.jpg 1 207 192 97 97
0832_0310_0128_0100_0100.jpg 1 310 128 100 100
0833_0117_0103_0098_0098.jpg 1 117 103 98 98
0834_0148_0160_0041_0041.jpg 1 148 160 41 41
0835_0369_0088_0092_0092.jpg 1 369 88 92 92
0836_0063_0093_0064_0064.jpg 1 63 93 64 64
0837_0198_0335_0028_0028.jpg 1 198 335 28 28
0838_0312_0069_0047_0047.jpg 1 312 69 47 47
0839_0496_0070_0063_0063.jpg 1 496 70 63 63
0840_0193_0020_0099_0099.jpg 1 193 20 99 99
0841_0123_0015_0080_0080.jpg 1 123 15 80 80
0842_0161_0051_0055_0055.jpg 1 161 51 55 55
0843_0076_0026_0048_0048.jpg 1 76 26 48 48
0844_0127_0148_0096_0096.jpg 1 127 148 96 96
0845_0122_0131_0037_0037.jpg 1 122 131 37 37
0846_0144_0059_0108_0108.jpg 1 144 59 108 108
0847_0079_0099_0027_0027.jpg 1 79 99 27 27
0848_0095_0032_0044_0044.jpg 1 95 32 44 44
0849_0170_0113_0048_0048.jpg 1 170 113 48 48
0850_0337_0237_0105_0105.jpg 1 337 237 105 105
0851_0022_0036_0104_0104.jpg 1 22 36 104 104
0852_0110_0190_0105_0105.jpg 1 110 190 105 105
0853_0052_0027_0069_0069.jpg 1 52 27 69 69
0854_0056_0078_0058_0058.jpg 1 56 78 58 58
0855_0436_0341_0062_0062.jpg 1 436 341 62 62
0856_0251_0263_0080_0080.jpg 1 251 263 80 80
0857_0124_0033_0036_0036.jpg 1 124 33 36 36
0858_0088_0161_0057_0057.jpg 1 88 161 57 57
0859_0096_0085_0062_0062.jpg 1 96 85 62 62
0860_0383_0144_0093_0093.jpg 1 383 144 93 93
0861_0045_0025_0057_0057.jpg 1 45 25 57 57
0862_0044_0022_0103_0103.jpg 1 44 22 103 103
0863_0362_0167_0032_0032.jpg 1 362 167 32 32
0864_0214_0305_0103_0103.jpg 1 214 305 103 103
0865_0101_0126_0086_0086.jpg 1 101 126 86 86
0866_0238_0142_0054_0054.jpg 1 238 142 54 54
0867_0258_0205_0106_0106.jpg 1 258 205 106 106
0868_0128_0069_0091_0091.jpg 1 128 69 91 91
0869_0194_0034_0066_0066.jpg 1 194 34 66 66
0870_0369_0129_0081_0081.jpg 1 369 129 81 81
0871_0094_0260_0048_0048.jpg 1 94 260 48 48
0872_0444_0166_0040_0040.jpg 1 444 166 40 40
0873_0084_0015_0097_0097.jpg 1 84 15 97 97
0874_0110_0107_0109_0109.jpg 1 110 107 109 109
0875_0498_0243_0049_0049.jpg 1 498 243 49 49
0876_0171_0082_0045_0045.jpg 1 171 82 45 45
0877_0090_0027_0024_0024.jpg 1 90 27 24 24
0878_0103_0097_0098_0098.jpg 1 103 97 98 98
0879_0110_0028_0070_0070.jpg 1 110 28 70 70
0880_0087_0042_0093_0093.jpg 1 87 42 93 93
0881_0048_0148_0068_0068.jpg 1 48 148 68 68
0882_0096_0042_0055_0055.jpg 1 96 42 55 55
0883_0214_0159_0052_0052.jpg 1 214 159 52 52
0884_0197_0183_0028_0028.jpg 1 197 183 28 28
0885_0291_0113_0074_0074.jpg 1 291 113 74 74
0886_0487_0080_0095_0095.jpg 1 487 80 95 95
0887_0021_0072_0104_0104.jpg 1 21 72 104 104
0888_0149_0161_0036_0036.jpg 1 149 161 36 36
0889_0116_0255_0090_0090.jpg 1 116 255 90 90
0890_0394_0162_0064_0064.jpg 1 394 162 64 64
0891_0188_0181_0031_0031.jpg 1 188 181 31 31
0892_0099_0096_0069_0069.jpg 1 99 96 69 69
0893_0031_0055_0108_0108.jpg 1 31 55 108 108
0894_0152_0022_0107_0107.jpg 1 152 22 107 107
0895_0141_0075_0084_0084.jpg 1 141 75 84 84
0896_0077_0115_0082_0082.jpg 1 77 115 82 82
0897_0130_0077_0097_0097.jpg 1 130 77 97 97
0898_0364_0070_0050_0050.jpg 1 364 70 50 50
0899_0111_0048_0085_0085.jpg 1 111 48 85 85
0900_0035_0095_0074_0074.jpg 1 35 95 74 74
0901_0204_0355_0067_0067.jpg 1 204 355 67 67
0902_0469_0105_0052_0052.jpg 1 469 105 52 52
0903_0073_0103_0109_0109.jpg 1 73 103 109 109
0904_0228_0101_0107_0107.jpg 1 228 101 107 107
0905_0023_0089_0041_0041.jpg 1 23 89 41 41
0906_0049_0072_0084_0084.jpg 1 49 72 84 84
0907_0129_0320_0045_0045.jpg 1 129 320 45 45
0908_0026_0053_0045_0045.jpg 1 26 53 45 45
0909_0188_0038_0101_0101.jpg 1 188 38 101 101
0910_0336_0099_0063_0063.jpg 1 336 99 63 63
0911_0231_0101_0033_0033.jpg 1 231 101 33 33
0912_0053_0110_0046_0046.jpg 1 53 110 46 46
0913_0211_0263_0026_0026.jpg 1 211 263 26 26
0914_0060_0138_0043_0043.jpg 1 60 138 43 43
0915_0383_0189_0100_0100.jpg 1 383 189 100 100
0916_0045_0022_0095_0095.jpg 1 45 22 95 95
0917_0108_0126_0060_0060.jpg 1 108 126 60 60
0918_0157_0144_0059_0059.jpg 1 157 144 59 59
0919_0409_0234_0087_0087.jpg 1 409 234 87 87
0920_0431_0075_0050_0050.jpg 1 431 75 50 50
0921_0037_0031_0063_0063.jpg 1 37 31 63 63
0922_0165_0057_0039_0039.jpg 1 165 57 39 39
0923_0088_0035_0109_0109.jpg 1 88 35 109 109
0924_0504_0084_0065_0065.jpg 1 504 84 65 65
0925_0170_0182_0037_0037.jpg 1 170 182 37 37
0926_0232_0401_0028_0028.jpg 1 232 401 28 28
0927_0179_0013_0031_0031.jpg 1 179 13 31 31
0928_0043_0197_0099_0099.jpg 1 43 197 99 99
0929_0476_0231_0102_0102.jpg 1 476 231 102 102
0930_0025_0086_0026_0026.jpg 1 25 86 26 26
0931_0145_0156_0030_0030.jpg 1 145 156 30 30
0932_0485_0095_0089_0089.jpg 1 485 95 89 89
0933_0190_0153_0047_0047.jpg 1 190 153 47 47
0934_0025_0160_0027_0027.jpg 1 25 160 27 27
0935_0414_0145_0060_0060.jpg 1 414 145 60 60
0936_0064_0137_0071_0071.jpg 1 64 137 71 71
0937_0156_0089_0091_0091.jpg 1 156 89 91 91
0938_0289_0387_0109_0109.jpg 1 289 387 109 109
0939_0139_0131_0040_0040.jpg 1 139 131 40 40
0940_0461_0102_0088_0088.jpg 1 461 102 88 88
0941_0092_0121_0069_0069.jpg 1 92 121 69 69
0942_0145_0032_0099_0099.jpg 1 145 32 99 99
0943_0307_0146_0084_0084.jpg 1 307 146 84 84
0944_0287_0307_0024_0024.jpg 1 287 307 24 24
0945_0441_0088_0066_0066.jpg 1 441 88 66 66
0946_0048_0022_0024_0024.jpg 1 48 22 24 24
0947_0175_0183_0033_0033.jpg 1 175 183 33 33
0948_0030_0021_0107_0107.jpg 1 30 21 107 107
0949_0072_0043_0040_0040.jpg 1 72 43 40 40
0950_0052_0034_0079_0079.jpg 1 52 34 79 79
0951_0267_0158_0054_0054.jpg 1 267 158 54 54
0952_0428_0138_0102_0102.jpg 1 428 138 102 102
0953_0158_0248_0077_0077.jpg 1 158 248 77 77
0954_0092_0290_0077_0077.jpg 1 92 290 77 77
0955_0097_0119_0055_0055.jpg 1 97 119 55 55
0956_0190_0128_0069_0069.jpg 1 190 128 69 69
0957_0258_0229_0032_0032.jpg 1 258 229 32 32
0958_0408_0289_0064_0064.jpg 1 408 289 64 64
0959_0145_0045_0071_0071.jpg 1 145 45 71 71
0960_0227_0131_0063_0063.jpg 1 227 131 63 63
0961_0165_0060_0028_0028.jpg 1 165 60 28 28
0962_0315_0141_0052_0052.jpg 1 315 141 52 52
0963_0358_0218_0103_0103.jpg 1 358 218 103 103
0964_0041_0133_0031_0031.jpg 1 41 133 31 31
0965_0212_0342_0073_0073.jpg 1 212 342 73 73
0966_0112_0104_0058_0058.jpg 1 112 104 58 58
0967_0242_0118_0051_0051.jpg 1 242 118 51 51
0968_0098_0137_0024_0024.jpg 1 98 137 24 24
0969_0074_0140_0037_0037.jpg 1 74 140 37 37
0970_0139_0096_0050_0050.jpg 1 139 96 50 50
0971_0115_0025_0037_0037.jpg 1 115 25 37 37
0972_0222_0161_0024_0024.jpg 1 222 161 24 24
0973_0133_0321_0068_0068.jpg 1 133 321 68 68
0974_0023_0165_0056_0056.jpg 1 23 165 56 56
0975_0050_0142_0081_0081.jpg 1 50 142 81 81
0976_0046_0021_0058_0058.jpg 1 46 21 58 58
0977_0283_0292_0056_0056.jpg 1 283 292 56 56
0978_0178_0119_0024_0024.jpg 1 178 119 24 24
0979_0060_0318_0063_0063.jpg 1 60 318 63 63
0980_0504_0177_0045_0045.jpg 1 504 177 45 45
0981_0157_0035_0080_0080.jpg 1 157 35 80 80
0982_0090_0148_0094_0094.jpg 1 90 148 94 94
0983_0067_0109_0072_0072.jpg 1 67 109 72 72
0984_0082_0078_0038_0038.jpg 1 82 78 38 38
0985_0026_0052_0089_0089.jpg 1 26 52 89 89
0986_0490_0153_0036_0036.jpg 1 490 153 36 36
0987_0064_0142_0031_0031.jpg 1 64 142 31 31
0988_0500_0288_0079_0079.jpg 1 500 288 79 79
0989_0232_0303_0031_0031.jpg 1 232 303 31 31
0990_0228_0158_0090_0090.jpg 1 228 158 90 90
0991_0039_0124_0065_0065.jpg 1 39 124 65 65
0992_0033_0022_0100_0100.jpg 1 33 22 100 100
0993_0032_0073_0088_0088.jpg 1 32 73 88 88
0994_0200_0017_0093_0093.jpg 1 200 17 93 93
0995_0067_0055_0096_0096.jpg 1 67 55 96 96
0996_0165_0081_0037_0037.jpg 1 165 81 37 37
0997_0042_0080_0056_0056.jpg 1 42 80 56 56
0998_0174_0018_0092_0092.jpg 1 174 18 92 92
0999_0089_0145_0027_0027.jpg 1 89 145 27 27
1000_0082_0066_0085_0085.jpg 1 82 66 85 85
1001_0196_0154_0040_0040.jpg 1 196 154 40 40
1002_0469_0291_0085_0085.jpg 1 469 291 85 85
1003_0128_0042_0089_0089.jpg 1 128 42 89 89
1004_0095_0052_0075_0075.jpg 1 95 52 75 75
1005_0323_0163_0041_0041.jpg 1 323 163 41 41
1006_0206_0076_0085_0085.jpg 1 206 76 85 85
1007_0026_0032_0106_0106.jpg 1 26 32 106 106
1008_0331_0372_0037_0037.jpg 1 331 372 37 37
1009_0446_0103_0108_0108.jpg 1 446 103 108 108
1010_0191_0046_0092_0092.jpg 1 191 46 92 92
1011_0430_0220_0078_0078.jpg 1 430 220 78 78
1012_0237_0123_0109_0109.jpg 1 237 123 109 109
1013_0198_0202_0082_0082.jpg 1 198 202 82 82
1014_0287_0109_0064_0064.jpg 1 287 109 64 64
1015_0232_0115_0024_0024.jpg 1 232 115 24 24
1016_0303_0225_0105_0105.jpg 1 303 225 105 105
1017_0105_0177_0039_0039.jpg 1 105 177 39 39
1018_0016_0128_0074_0074.jpg 1 16 128 74 74
1019_0180_0135_0059_0059.jpg 1 180 135 59 59
1020_0125_0052_0052_0052.jpg 1 125 52 52 52
1021_0079_0032_0034_0034.jpg 1 79 32 34 34
1022_0465_0205_0086_0086.jpg 1 465 205 86 86
1023_0182_0267_0095_0095.jpg 1 182 267 95 95
1024_0423_0139_0043_0043.jpg 1 423 139 43 43
1025_0122_0079_0051_0051.jpg 1 122 79 51 51
1026_0074_0124_0091_0091.jpg 1 74 124 91 91
1027_0193_0282_0073_0073.jpg 1 193 282 73 73
1028_0020_0088_0109_0109.jpg 1 20 88 109 109
1029_0522_0127_0048_0048.jpg 1 522 127 48 48
1030_0486_0248_0051_0051.jpg 1 486 248 51 51
1031_0244_0072_0041_0041.jpg 1 244 72 41 41
1032_0081_0053_0107_0107.jpg 1 81 53 107 107
1033_0140_0126_0065_0065.jpg 1 140 126 65 65
1034_0086_0201_0102_0102.jpg 1 86 201 102 102
1035_0026_0024_0099_0099.jpg 1 26 24 99 99
1036_0206_0083_0037_0037.jpg 1 206 83 37 37
1037_0035_0104_0040_0040.jpg 1 35 104 40 40
1038_0257_0146_0076_0076.jpg 1 257 146 76 76
1039_0398_0177_0098_0098.jpg 1 398 177 98 98
1040_0107_0142_0028_0028.jpg 1 107 142 28 28
1041_0170_0482_0074_0074.jpg 1 170 482 74 74
1042_0324_0189_0071_0071.jpg 1 324 189 71 71
1043_0086_0056_0085_0085.jpg 1 86 56 85 85
1044_0202_0266_0080_0080.jpg 1 202 266 80 80
1045_0262_0356_0073_0073.jpg 1 262 356 73 73
1046_0131_0139_0076_0076.jpg 1 131 139 76 76
1047_0170_0127_0029_0029.jpg 1 170 127 29 29
1048_0130_0014_0104_0104.jpg 1 130 14 104 104
1049_0082_0092_0109_0109.jpg 1 82 92 109 109
1050_0457_0236_0075_0075.jpg 1 457 236 75 75
1051_0170_0116_0103_0103.jpg 1 170 116 103 103
1052_0118_0017_0078_0078.jpg 1 118 17 78 78
1053_0053_0043_0089_0089.jpg 1 53 43 89 89
1054_0160_0037_0091_0091.jpg 1 160 37 91 91
1055_0143_0084_0098_0098.jpg 1 143 84 98 98
1056_0082_0032_0059_0059.jpg 1 82 32 59 59
1057_0088_0130_0081_0081.jpg 1 88 130 81 81
1058_0061_0043_0106_0106.jpg 1 61 43 106 106
1059_0336_0117_0095_0095.jpg 1 336 117 95 95
1060_0079_0085_0109_0109.jpg 1 79 85 109 109
1061_0233_0139_0074_0074.jpg 1 233 139 74 74
1062_0381_0169_0100_0100.jpg 1 381 169 100 100
1063_0086_0021_0102_0102.jpg 1 86 21 102 102
1064_0073_0277_0046_0046.jpg 1 73 277 46 46
1065_0075_0037_0079_0079.jpg 1 75 37 79 79
1066_0210_0077_0085_0085.jpg 1 210 77 85 85
1067_0333_0192_0073_0073.jpg 1 333 192 73 73
1068_0303_0196_0038_0038.jpg 1 303 196 38 38
1069_0018_0073_0097_0097.jpg 1 18 73 97 97
1070_0101_0044_0049_0049.jpg 1 101 44 49 49
1071_0052_0024_0108_0108.jpg 1 52 24 108 108
1072_0176_0102_0066_0066.jpg 1 176 102 66 66
1073_0071_0169_0056_0056.jpg 1 71 169 56 56
1074_0161_0121_0093_0093.jpg 1 161 121 93 93
1075_0119_0028_0046_0046.jpg 1 119 28 46 46
1076_0209_0219_0097_0097.jpg 1 209 219 97 97
1077_0227_0299_0106_0106.jpg 1 227 299 106 106
1078_0339_0185_0071_0071.jpg 1 339 185 71 71
1079_0134_0333_0035_0035.jpg 1 134 333 35 35
1080_0395_0217_0052_0052.jpg 1 395 217 52 52
1081_0354_0059_0073_0073.jpg 1 354 59 73 73
1082_0157_0099_0061_0061.jpg 1 157 99 61 61
1083_0259_0237_0031_0031.jpg 1 259 237 31 31
1084_0316_0307_0045_0045.jpg 1 316 307 45 45
1085_0089_0040_0056_0056.jpg 1 89 40 56 56
1086_0210_0057_0056_0056.jpg 1 210 57 56 56
1087_0013_0026_0103_0103.jpg 1 13 26 103 103
1088_0047_0034_0027_0027.jpg 1 47 34 27 27
1089_0036_0039_0075_0075.jpg 1 36 39 75 75
1090_0177_0387_0027_0027.jpg 1 177 387 27 27
1091_0347_0322_0066_0066.jpg 1 347 322 66 66
1092_0149_0054_0066_0066.jpg 1 149 54 66 66
1093_0508_0065_0057_0057.jpg 1 508 65 57 57
1094_0042_0070_0058_0058.jpg 1 42 70 58 58
1095_0232_0187_0028_0028.jpg 1 232 187 28 28
1096_0042_0065_0038_0038.jpg 1 42 65 38 38
1097_0136_0078_0047_0047.jpg 1 136 78 47 47
1098_0168_0035_0041_0041.jpg 1 168 35 41 41
1099_0088_0091_0057_0057.jpg 1 88 91 57 57
1100_0192_0157_0056_0056.jpg 1 192 157 56 56
1101_0139_0127_0080_0080.jpg 1 139 127 80 80
1102_0115_0080_0042_0042.jpg 1 115 80 42 42
1103_0060_0078_0110_0110.jpg 1 60 78 110 110
1104_0097_0095_0080_0080.jpg 1 97 95 80 80
1105_0491_0090_0072_0072.jpg 1 491 90 72 72
1106_0126_0062_0073_0073.jpg 1 126 62 73 73
1107_0208_0092_0108_0108.jpg 1 208 92 108 108
1108_0183_0123_0030_0030.jpg 1 183 123 30 30
1109_0147_0118_0044_0044.jpg 1 147 118 44 44
1110_0051_0119_0044_0044.jpg 1 51 119 44 44
1111_0077_0071_0088_0088.jpg 1 77 71 88 88
1112_0123_0299_0092_0092.jpg 1 123 299 92 92
1113_0154_0084_0055_0055.jpg 1 154 84 55 55
1114_0096_0072_0106_0106.jpg 1 96 72 106 106
1115_0414_0196_0084_0084.jpg 1 414 196 84 84
1116_0033_0047_0093_0093.jpg 1 33 47 93 93
1117_0090_0187_0107_0107.jpg 1 90 187 107 107
1118_0042_0021_0094_0094.jpg 1 42 21 94 94
1119_0121_0051_0095_0095.jpg 1 121 51 95 95
1120_0012_0118_0105_0105.jpg 1 12 118 105 105
1121_0232_0282_0056_0056.jpg 1 232 282 56 56
1122_0180_0090_0047_0047.jpg 1 180 90 47 47
1123_0482_0212_0068_0068.jpg 1 482 212 68 68
1124_0196_0026_0067_0067.jpg 1 196 26 67 67
1125_0238_0351_0054_0054.jpg 1 238 351 54 54
1126_0161_0184_0033_0033.jpg 1 161 184 33 33
1127_0400_0327_0048_0048.jpg 1 400 327 48 48
1128_0452_0337_0043_0043.jpg 1 452 337 43 43
1129_0045_0068_0059_0059.jpg 1 45 68 59 59
1130_0080_0052_0109_0109.jpg 1 80 52 109 109
1131_0312_0140_0044_0044.jpg 1 312 140 44 44
1132_0042_0035_0098_0098.jpg 1 42 35 98 98
1133_0056_0297_0103_0103.jpg 1 56 297 103 103
1134_0117_0326_0100_0100.jpg 1 117 326 100 100
1135_0379_0265_0047_0047.jpg 1 379 265 47 47
1136_0131_0055_0078_0078.jpg 1 131 55 78 78
1137_0147_0095_0080_0080.jpg 1 147 95 80 80
1138_0444_0208_0072_0072.jpg 1 444 208 72 72
1139_0055_0100_0096_0096.jpg 1 55 100 96 96
1140_0088_0053_0096_0096.jpg 1 88 53 96 96
1141_0072_0112_0089_0089.jpg 1 72 112 89 89
1142_0246_0122_0096_0096.jpg 1 246 122 96 96
1143_0058_0092_0104_0104.jpg 1 58 92 104 104
1144_0514_0246_0029_0029.jpg 1 514 246 29 29
1145_0185_0194_0075_0075.jpg 1 185 194 75 75
1146_0154_0160_0061_0061.jpg 1 154 160 61 61
1147_0024_0096_0090_0090.jpg 1 24 96 90 90
1148_0152_0086_0063_0063.jpg 1 152 86 63 63
1149_0140_0068_0100_0100.jpg 1 140 68 100 100
1150_0059_0131_0060_0060.jpg 1 59 131 60 60
1151_0357_0203_0032_0032.jpg 1 357 203 32 32
1152_0125_0079_0060_0060.jpg 1 125 79 60 60
1153_0026_0156_0031_0031.jpg 1 26 156 31 31
1154_0198_0163_0082_0082.jpg 1 198 163 82 82
1155_0263_0195_0089_0089.jpg 1 263 195 89 89
1156_0309_0168_0046_0046.jpg 1 309 168 46 46
1157_0088_0053_0071_0071.jpg 1 88 53 71 71
1158_0090_0062_0097_0097.jpg 1 90 62 97 97
1159_0147_0055_0077_0077.jpg 1 147 55 77 77
1160_0196_0175_0026_0026.jpg 1 196 175 26 26
1161_0504_0173_0056_0056.jpg 1 504 173 56 56
1162_0184_0047_0056_0056.jpg 1 184 47 56 56
1163_0152_0092_0047_0047.jpg 1 152 92 47 47
1164_0051_0023_0074_0074.jpg 1 51 23 74 74
1165_0066_0070_0088_0088.jpg 1 66 70 88 88
1166_0424_0282_0026_0026.jpg 1 424 282 26 26
1167_0126_0482_0041_0041.jpg 1 126 482 41 41
1168_0492_0239_0040_0040.jpg 1 492 239 40 40
1169_0277_0171_0102_0102.jpg 1 277 171 102 102
1170_0037_0047_0091_0091.jpg 1 37 47 91 91
1171_0452_0353_0053_0053.jpg 1 452 353 53 53
1172_0078_0068_0047_0047.jpg 1 78 68 47 47
1173_0131_0050_0072_0072.jpg 1 131 50 72 72
1174_0404_0085_0057_0057.jpg 1 404 85 57 57
1175_0444_0148_0079_0079.jpg 1 444 148 79 79
1176_0268_0259_0024_0024.jpg 1 268 259 24 24
1177_0046_0022_0109_0109.jpg 1 46 22 109 109
1178_0112_0134_0068_0068.jpg 1 112 134 68 68
1179_0277_0259_0106_0106.jpg 1 277 259 106 106
1180_0336_0379_0050_0050.jpg 1 336 379 50 50
1181_0019_0064_0074_0074.jpg 1 19 64 74 74
1182_0220_0265_0089_0089.jpg 1 220 265 89 89
1183_0059_0029_0082_0082.jpg 1 59 29 82 82
1184_0046_0052_0063_0063.jpg 1 46 52 63 63
1185_0460_0299_0051_0051.jpg 1 460 299 51 51
1186_0063_0266_0109_0109.jpg 1 63 266 109 109
1187_0171_0236_0102_0102.jpg 1 171 236 102 102
1188_0230_0048_0060_0060.jpg 1 230 48 60 60
1189_0035_0057_0087_0087.jpg 1 35 57 87 87
1190_0048_0084_0025_0025.jpg 1 48 84 25 25
1191_0219_0184_0094_0094.jpg 1 219 184 94 94
1192_0101_0059_0024_0024.jpg 1 101 59 24 24
1193_0068_0078_0025_0025.jpg 1 68 78 25 25
1194_0155_0111_0080_0080.jpg 1 155 111 80 80
1195_0064_0089_0029_0029.jpg 1 64 89 29 29
1196_0094_0046_0093_0093.jpg 1 94 46 93 93
1197_0292_0083_0032_0032.jpg 1 292 83 32 32
1198_0082_0107_0060_0060.jpg 1 82 107 60 60
1199_0108_0303_0070_0070.jpg 1 108 303 70 70
1200_0029_0029_0091_0091.jpg 1 29 29 91 91
1201_0158_0410_0081_0081.jpg 1 158 410 81 81
1202_0228_0258_0100_0100.jpg 1 228 258 100 100
1203_0451_0164_0100_0100.jpg 1 451 164 100 100
1204_0136_0039_0092_0092.jpg 1 136 39 92 92
1205_0093_0049_0070_0070.jpg 1 93 49 70 70
1206_0037_0097_0061_0061.jpg 1 37 97 61 61
1207_0065_0032_0109_0109.jpg 1 65 32 109 109
1208_0129_0346_0078_0078.jpg 1 129 346 78 78
1209_0266_0065_0067_0067.jpg 1 266 65 67 67
1210_0189_0209_0052_0052.jpg 1 189 209 52 52
1211_0108_0030_0061_0061.jpg 1 108 30 61 61
1212_0098_0121_0049_0049.jpg 1 98 121 49 49
1213_0401_0069_0053_0053.jpg 1 401 69 53 53
1214_0014_0121_0033_0033.jpg 1 14 121 33 33
1215_0228_0088_0082_0082.jpg 1 228 88 82 82
1216_0363_0257_0107_0107.jpg 1 363 257 107 107
1217_0073_0119_0032_0032.jpg 1 73 119 32 32
1218_0099_0074_0099_0099.jpg 1 99 74 99 99
1219_0223_0349_0068_0068.jpg 1 223 349 68 68
1220_0042_0028_0078_0078.jpg 1 42 28 78 78
1221_0121_0007_0101_0101.jpg 1 121 7 101 101
1222_0114_0142_0050_0050.jpg 1 114 142 50 50
1223_0250_0064_0085_0085.jpg 1 250 64 85 85
1224_0055_0126_0045_0045.jpg 1 55 126 45 45
1225_0461_0181_0041_0041.jpg 1 461 181 41 41
1226_0030_0047_0077_0077.jpg 1 30 47 77 77
1227_0314_0288_0098_0098.jpg 1 314 288 98 98
1228_0184_0021_0105_0105.jpg 1 184 21 105 105
1229_0022_0116_0027_0027.jpg 1 22 116 27 27
1230_0260_0316_0092_0092.jpg 1 260 316 92 92
1231_0328_0055_0108_0108.jpg 1 328 55 108 108
1232_0027_0073_0076_0076.jpg 1 27 73 76 76
1233_0127_0024_0040_0040.jpg 1 127 24 40 40
1234_0346_0142_0098_0098.jpg 1 346 142 98 98
1235_0069_0126_0100_0100.jpg 1 69 126 100 100
1236_0482_0044_0051_0051.jpg 1 482 44 51 51
1237_0443_0145_0086_0086.jpg 1 443 145 86 86
1238_0016_0030_0103_0103.jpg 1 16 30 103 103
1239_0133_0032_0070_0070.jpg 1 133 32 70 70
1240_0157_0027_0108_0108.jpg 1 157 27 108 108
1241_0246_0317_0070_0070.jpg 1 246 317 70 70
1242_0130_0063_0077_0077.jpg 1 130 63 77 77
1243_0128_0076_0076_0076.jpg 1 128 76 76 76
1244_0188_0056_0087_0087.jpg 1 188 56 87 87
1245_0203_0066_0052_0052.jpg 1 203 66 52 52
1246_0061_0018_0059_0059.jpg 1 61 18 59 59
1247_0214_0296_0110_0110.jpg 1 214 296 110 110
1248_0093_0116_0073_0073.jpg 1 93 116 73 73
1249_0337_0298_0028_0028.jpg 1 337 298 28 28
1250_0158_0089_0109_0109.jpg 1 158 89 109 109
1251_0177_0222_0104_0104.jpg 1 177 222 104 104
1252_0259_0252_0105_0105.jpg 1 259 252 105 105
1253_0011_0124_0048_0048.jpg 1 11 124 48 48
1254_0495_0287_0054_0054.jpg 1 495 287 54 54
1255_0324_0192_0088_0088.jpg 1 324 192 88 88
1256_0408_0323_0106_0106.jpg 1 408 323 106 106
1257_0168_0157_0032_0032.jpg 1 168 157 32 32
1258_0073_0178_0024_0024.jpg 1 73 178 24 24
1259_0508_0111_0057_0057.jpg 1 508 111 57 57
1260_0128_0133_0063_0063.jpg 1 128 133 63 63
1261_0372_0396_0054_0054.jpg 1 372 396 54 54
1262_0069_0301_0056_0056.jpg 1 69 301 56 56
1263_0099_0069_0047_0047.jpg 1 99 69 47 47
1264_0236_0175_0035_0035.jpg 1 236 175 35 35
1265_0180_0087_0071_0071.jpg 1 180 87 71 71
1266_0110_0017_0083_0083.jpg 1 110 17 83 83
1267_0362_0171_0042_0042.jpg 1 362 171 42 42
1268_0024_0160_0051_0051.jpg 1 24 160 51 51
1269_0274_0431_0040_0040.jpg 1 274 431 40 40
1270_0306_0142_0089_0089.jpg 1 306 142 89 89
1271_0184_0110_0070_0070.jpg 1 184 110 70 70
1272_0258_0214_0057_0057.jpg 1 258 214 57 57
1273_0275_0193_0107_0107.jpg 1 275 193 107 107
1274_0252_0540_0036_0036.jpg 1 252 540 36 36
1275_0120_0065_0048_0048.jpg 1 120 65 48 48
1276_0163_0026_0046_0046.jpg 1 163 26 46 46
1277_0206_0379_0026_0026.jpg 1 206 379 26 26
1278_0378_0290_0063_0063.jpg 1 378 290 63 63
1279_0475_0100_0064_0064.jpg 1 475 100 64 64
1280_0223_0035_0059_0059.jpg 1 223 35 59 59
1281_0122_0267_0033_0033.jpg 1 122 267 33 33
1282_0052_0143_0040_0040.jpg 1 52 143 40 40
1283_0079_0126_0085_0085.jpg 1 79 126 85 85
1284_0121_0053_0073_0073.jpg 1 121 53 73 73
1285_0376_0257_0031_0031.jpg 1 376 257 31 31
1286_0079_0077_0062_0062.jpg 1 79 77 62 62
1287_0107_0035_0042_0042.jpg 1 107 35 42 42
1288_0156_0054_0045_0045.jpg 1 156 54 45 45
1289_0096_0292_0093_0093.jpg 1 96 292 93 93
1290_0177_0075_0024_0024.jpg 1 177 75 24 24
1291_0053_0092_0077_0077.jpg 1 53 92 77 77
1292_0355_0136_0066_0066.jpg 1 355 136 66 66
1293_0156_0147_0063_0063.jpg 1 156 147 63 63
1294_0249_0331_0101_0101.jpg 1 249 331 101 101
1295_0123_0143_0063_0063.jpg 1 123 143 63 63
1296_0211_0229_0090_0090.jpg 1 211 229 90 90
1297_0137_0332_0075_0075.jpg 1 137 332 75 75
1298_0295_0120_0045_0045.jpg 1 295 120 45 45
1299_0164_0299_0101_0101.jpg 1 164 299 101 101
1300_0455_0042_0091_0091.jpg 1 455 42 91 91
1301_0057_0043_0083_0083.jpg 1 57 43 83 83
1302_0190_0034_0028_0028.jpg 1 190 34 28 28
1303_0174_0138_0027_0027.jpg 1 174 138 27 27
1304_0233_0095_0051_0051.jpg 1 233 95 51 51
1305_0485_0042_0093_0093.jpg 1 485 42 93 93
1306_0064_0080_0066_0066.jpg 1 64 80 66 66
1307_0281_0253_0042_0042.jpg 1 281 253 42 42
1308_0093_0074_0072_0072.jpg 1 93 74 72 72
1309_0149_0067_0042_0042.jpg 1 149 67 42 42
1310_0045_0122_0064_0064.jpg 1 45 122 64 64
1311_0033_0047_0042_0042.jpg 1 33 47 42 42
1312_0540_0302_0039_0039.jpg 1 540 302 39 39
1313_0072_0110_0049_0049.jpg 1 72 110 49 49
1314_0241_0036_0032_0032.jpg 1 241 36 32 32
1315_0176_0186_0054_0054.jpg 1 176 186 54 54
1316_0056_0172_0036_0036.jpg 1 56 172 36 36
1317_0030_0019_0103_0103.jpg 1 30 19 103 103
1318_0089_0235_0036_0036.jpg 1 89 235 36 36
1319_0047_0246_0056_0056.jpg 1 47 246 56 56
1320_0165_0106_0065_0065.jpg 1 165 106 65 65
1321_0268_0185_0060_0060.jpg 1 268 185 60 60
1322_0345_0340_0053_0053.jpg 1 345 340 53 53
1323_0369_0061_0059_0059.jpg 1 369 61 59 59
1324_0060_0079_0025_0025.jpg 1 60 79 25 25
1325_0217_0082_0074_0074.jpg 1 217 82 74 74
1326_0206_0313_0103_0103.jpg 1 206 313 103 103
1327_0071_0088_0073_0073.jpg 1 71 88 73 73
1328_0474_0368_0036_0036.jpg 1 474 368 36 36
1329_0233_0196_0108_0108.jpg 1 233 196 108 108
1330_0482_0076_0026_0026.jpg 1 482 76 26 26
1331_0128_0275_0057_0057.jpg 1 128 275 57 57
1332_0288_0382_0101_0101.jpg 1 288 382 101 101
1333_0076_0155_0034_0034.jpg 1 76 155 34 34
1334_0466_0190_0076_0076.jpg 1 466 190 76 76
1335_0395_0305_0110_0110.jpg 1 395 305 110 110
1336_0070_0023_0098_0098.jpg 1 70 23 98 98
1337_0029_0072_0048_0048.jpg 1 29 72 48 48
1338_0453_0218_0055_0055.jpg 1 453 218 55 55
1339_0460_0215_0049_0049.jpg 1 460 215 49 49
1340_0461_0043_0080_0080.jpg 1 461 43 80 80
1341_0052_0074_0104_0104.jpg 1 52 74 104 104
1342_0045_0059_0045_0045.jpg 1 45 59 45 45
1343_0425_0277_0053_0053.jpg 1 425 277 53 53
1344_0132_0264_0089_0089.jpg 1 132 264 89 89
1345_0176_0014_0100_0100.jpg 1 176 14 100 100
1346_0417_0183_0076_0076.jpg 1 417 183 76 76
1347_0307_0261_0105_0105.jpg 1 307 261 105 105
1348_0152_0151_0031_0031.jpg 1 152 151 31 31
1349_0151_0084_0095_0095.jpg 1 151 84 95 95
1350_0206_0070_0033_0033.jpg 1 206 70 33 33
1351_0099_0230_0027_0027.jpg 1 99 230 27 27
1352_0186_0100_0033_0033.jpg 1 186 100 33 33
1353_0023_0080_0099_0099.jpg 1 23 80 99 99
1354_0124_0267_0056_0056.jpg 1 124 267 56 56
1355_0040_0164_0041_0041.jpg 1 40 164 41 41
1356_0108_0147_0068_0068.jpg 1 108 147 68 68
1357_0450_0175_0094_0094.jpg 1 450 175 94 94
1358_0380_0137_0082_0082.jpg 1 380 137 82 82
1359_0037_0106_0048_0048.jpg 1 37 106 48 48
1360_0058_0110_0040_0040.jpg 1 58 110 40 40
1361_0132_0047_0079_0079.jpg 1 132 47 79 79
1362_0422_0237_0082_0082.jpg 1 422 237 82 82
1363_0052_0090_0089_0089.jpg 1 52 90 89 89
1364_0190_0094_0031_0031.jpg 1 190 94 31 31
1365_0472_0283_0105_0105.jpg 1 472 283 105 105
1366_0284_0359_0040_0040.jpg 1 284 359 40 40
1367_0229_0321_0061_0061.jpg 1 229 321 61 61
1368_0202_0527_0028_0028.jpg 1 202 527 28 28
1369_0157_0097_0043_0043.jpg 1 157 97 43 43
1370_0080_0147_0067_0067.jpg 1 80 147 67 67
1371_0107_0064_0097_0097.jpg 1 107 64 97 97
1372_0058_0053_0083_0083.jpg 1 58 53 83 83
1373_0033_0029_0109_0109.jpg 1 33 29 109 109
1374_0055_0042_0066_0066.jpg 1 55 42 66 66
1375_0225_0312_0058_0058.jpg 1 225 312 58 58
1376_0368_0193_0048_0048.jpg 1 368 193 48 48
1377_0153_0204_0095_0095.jpg 1 153 204 95 95
1378_0100_0027_0107_0107.jpg 1 100 27 107 107
1379_0107_0037_0041_0041.jpg 1 107 37 41 41
1380_0151_0079_0109_0109.jpg 1 151 79 109 109
1381_0049_0096_0096_0096.jpg 1 49 96 96 96
1382_0127_0156_0043_0043.jpg 1 127 156 43 43
1383_0076_0057_0040_0040.jpg 1 76 57 40 40
1384_0150_0114_0031_0031.jpg 1 150 114 31 31
1385_0387_0212_0032_0032.jpg 1 387 212 32 32
1386_0170_0309_0029_0029.jpg 1 170 309 29 29
1387_0429_0079_0100_0100.jpg 1 429 79 100 100
1388_0130_0051_0061_0061.jpg 1 130 51 61 61
1389_0177_0344_0073_0073.jpg 1 177 344 73 73
1390_0099_0073_0050_0050.jpg 1 99 73 50 50
1391_0320_0349_0066_0066.jpg 1 320 349 66 66
1392_0195_0082_0067_0067.jpg 1 195 82 67 67
1393_0168_0063_0065_0065.jpg 1 168 63 65 65
1394_0167_0163_0036_0036.jpg 1 167 163 36 36
1395_0499_0092_0030_0030.jpg 1 499 92 30 30
1396_0141_0191_0031_0031.jpg 1 141 191 31 31
1397_0087_0100_0027_0027.jpg 1 87 100 27 27
1398_0225_0155_0082_0082.jpg 1 225 155 82 82
1399_0358_0122_0068_0068.jpg 1 358 122 68 68
1400_0258_0193_0077_0077.jpg 1 258 193 77 77
1401_0139_0281_0042_0042.jpg 1 139 281 42 42
1402_0252_0256_0073_0073.jpg 1 252 256 73 73
1403_0512_0187_0057_0057.jpg 1 512 187 57 57
1404_0187_0015_0078_0078.jpg 1 187 15 78 78
1405_0131_0343_0059_0059.jpg 1 131 343 59 59
1406_0411_0338_0064_0064.jpg 1 411 338 64 64
1407_0044_0132_0030_0030.jpg 1 44 132 30 30
1408_0068_0101_0059_0059.jpg 1 68 101 59 59
1409_0208_0288_0056_0056.jpg 1 208 288 56 56
1410_0143_0096_0093_0093.jpg 1 143 96 93 93
1411_0036_0123_0045_0045.jpg 1 36 123 45 45
1412_0152_0086_0071_0071.jpg 1 152 86 71 71
1413_0119_0179_0025_0025.jpg 1 119 179 25 25
1414_0205_0095_0030_0030.jpg 1 205 95 30 30
1415_0203_0338_0099_0099.jpg 1 203 338 99 99
1416_0066_0024_0069_0069.jpg 1 66 24 69 69
1417_0500_0357_0030_0030.jpg 1 500 357 30 30
1418_0118_0096_0101_0101.jpg 1 118 96 101 101
1419_0172_0201_0061_0061.jpg 1 172 201 61 61
1420_0101_0113_0050_0050.jpg 1 101 113 50 50
1421_0084_0043_0050_0050.jpg 1 84 43 50 50
1422_0020_0066_0098_0098.jpg 1 20 66 98 98
1423_0256_0230_0057_0057.jpg 1 256 230 57 57
1424_0065_0100_0042_0042.jpg 1 65 100 42 42
1425_0208_0047_0047_0047.jpg 1 208 47 47 47
1426_0178_0028_0048_0048.jpg 1 178 28 48 48
1427_0187_0029_0099_0099.jpg 1 187 29 99 99
1428_0031_0082_0088_0088.jpg 1 31 82 88 88
1429_0066_0177_0042_0042.jpg 1 66 177 42 42
1430_0148_0157_0059_0059.jpg 1 148 157 59 59
1431_0059_0142_0079_0079.jpg 1 59 142 79 79
1432_0171_0143_0057_0057.jpg 1 171 143 57 57
1433_0066_0068_0027_0027.jpg 1 66 68 27 27
1434_0241_0084_0099_0099.jpg 1 241 84 99 99
1435_0312_0260_0091_0091.jpg 1 312 260 91 91
1436_0116_0074_0100_0100.jpg 1 116 74 100 100
1437_0135_0039_0041_0041.jpg 1 135 39 41 41
1438_0070_0026_0083_0083.jpg 1 70 26 83 83
1439_0385_0082_0106_0106.jpg 1 385 82 106 106
1440_0136_0238_0100_0100.jpg 1 136 238 100 100
1441_0194_0133_0077_0077.jpg 1 194 133 77 77
1442_0071_0092_0049_0049.jpg 1 71 92 49 49
1443_0080_0091_0086_0086.jpg 1 80 91 86 86
1444_0155_0070_0061_0061.jpg 1 155 70 61 61
1445_0459_0052_0032_0032.jpg 1 459 52 32 32
1446_0024_0024_0083_0083.jpg 1 24 24 83 83
1447_0359_0301_0067_0067.jpg 1 359 301 67 67
1448_0192_0225_0108_0108.jpg 1 192 225 108 108
1449_0163_0097_0109_0109.jpg 1 163 97 109 109
1450_0217_0102_0063_0063.jpg 1 217 102 63 63
1451_0086_0216_0061_0061.jpg 1 86 216 61 61
1452_0059_0091_0067_0067.jpg 1 59 91 67 67
1453_0308_0162_0059_0059.jpg 1 308 162 59 59
1454_0530_0130_0037_0037.jpg 1 530 130 37 37
1455_0091_0065_0104_0104.jpg 1 91 65 104 104
1456_0067_0068_0109_0109.jpg 1 67 68 109 109
1457_0455_0328_0065_0065.jpg 1 455 328 65 65
1458_0187_0494_0028_0028.jpg 1 187 494 28 28
1459_0048_0084_0044_0044.jpg 1 48 84 44 44
1460_0378_0185_0044_0044.jpg 1 378 185 44 44
1461_0210_0069_0050_0050.jpg 1 210 69 50 50
1462_0032_0087_0027_0027.jpg 1 32 87 27 27
1463_0068_0062_0089_0089.jpg 1 68 62 89 89
1464_0085_0036_0094_0094.jpg 1 85 36 94 94
1465_0180_0270_0109_0109.jpg 1 180 270 109 109
1466_0137_0350_0032_0032.jpg 1 137 350 32 32
1467_0027_0102_0048_0048.jpg 1 27 102 48 48
1468_0182_0210_0094_0094.jpg 1 182 210 94 94
1469_0298_0226_0031_0031.jpg 1 298 226 31 31
1470_0484_0148_0101_0101.jpg 1 484 148 101 101
1471_0138_0252_0058_0058.jpg 1 138 252 58 58
1472_0218_0111_0073_0073.jpg 1 218 111 73 73
1473_0081_0129_0025_0025.jpg 1 81 129 25 25
1474_0255_0266_0076_0076.jpg 1 255 266 76 76
1475_0131_0197_0089_0089.jpg 1 131 197 89 89
1476_0385_0267_0104_0104.jpg 1 385 267 104 104
1477_0218_0090_0053_0053.jpg 1 218 90 53 53
1478_0211_0109_0031_0031.jpg 1 211 109 31 31
1479_0498_0206_0045_0045.jpg 1 498 206 45 45
1480_0165_0048_0081_0081.jpg 1 165 48 81 81
1481_0433_0063_0070_0070.jpg 1 433 63 70 70
1482_0086_0021_0024_0024.jpg 1 86 21 24 24
1483_0150_0134_0059_0059.jpg 1 150 134 59 59
1484_0209_0093_0057_0057.jpg 1 209 93 57 57
1485_0226_0362_0062_0062.jpg 1 226 362 62 62
1486_0334_0355_0055_0055.jpg 1 334 355 55 55
1487_0127_0135_0055_0055.jpg 1 127 135 55 55
1488_0186_0151_0040_0040.jpg 1 186 151 40 40
1489_0049_0134_0087_0087.jpg 1 49 134 87 87
1490_0043_0019_0068_0068.jpg 1 43 19 68 68
1491_0026_0044_0060_0060.jpg 1 26 44 60 60
1492_0292_0273_0065_0065.jpg 1 292 273 65 65
1493_0176_0256_0028_0028.jpg 1 176 256 28 28
1494_0045_0056_0084_0084.jpg 1 45 56 84 84
1495_0033_0035_0104_0104.jpg 1 33 35 104 104
1496_0013_0022_0095_0095.jpg 1 13 22 95 95
1497_0093_0381_0063_0063.jpg 1 93 381 63 63
1498_0155_0148_0032_0032.jpg 1 155 148 32 32
1499_0160_0063_0071_0071.jpg 1 160 63 71 71
1500_0408_0076_0083_0083.jpg 1 408 76 83 83
1501_0134_0280_0026_0026.jpg 1 134 280 26 26
1502_0151_0293_0055_0055.jpg 1 151 293 55 55
1503_0224_0247_0103_0103.jpg 1 224 247 103 103
1504_0292_0485_0098_0098.jpg 1 292 485 98 98
1505_0110_0050_0029_0029.jpg 1 110 50 29 29
1506_0089_0268_0040_0040.jpg 1 89 268 40 40
1507_0357_0253_0081_0081.jpg 1 357 253 81 81
1508_0017_0086_0074_0074.jpg 1 17 86 74 74
1509_0037_0054_0069_0069.jpg 1 37 54 69 69
1510_0325_0353_0084_0084.jpg 1 325 353 84 84
1511_0144_0148_0043_0043.jpg 1 144 148 43 43
1512_0063_0412_0096_0096.jpg 1 63 412 96 96
1513_0204_0274_0087_0087.jpg 1 204 274 87 87
1514_0510_0081_0044_0044.jpg 1 510 81 44 44
1515_0026_0038_0070_0070.jpg 1 26 38 70 70
1516_0533_0140_0024_0024.jpg 1 533 140 24 24
1517_0071_0159_0041_0041.jpg 1 71 159 41 41
1518_0372_0338_0038_0038.jpg 1 372 338 38 38
1519_0032_0094_0105_0105.jpg 1 32 94 105 105
1520_0087_0112_0095_0095.jpg 1 87 112 95 95
1521_0013_0079_0108_0108.jpg 1 13 79 108 108
1522_0133_0091_0057_0057.jpg 1 133 91 57 57
1523_0038_0131_0075_0075.jpg 1 38 131 75 75
1524_0427_0094_0077_0077.jpg 1 427 94 77 77
1525_0017_0039_0104_0104.jpg 1 17 39 104 104
1526_0180_0107_0101_0101.jpg 1 180 107 101 101
1527_0333_0070_0043_0043.jpg 1 333 70 43 43
1528_0015_0044_0042_0042.jpg 1 15 44 42 42
1529_0186_0118_0031_0031.jpg 1 186 118 31 31
1530_0438_0212_0027_0027.jpg 1 438 212 27 27
1531_0495_0047_0079_0079.jpg 1 495 47 79 79
1532_0412_0164_0099_0099.jpg 1 412 164 99 99
1533_0293_0186_0097_0097.jpg 1 293 186 97 97
1534_0339_0488_0060_0060.jpg 1 339 488 60 60
1535_0116_0020_0043_0043.jpg 1 116 20 43 43
1536_0159_0014_0074_0074.jpg 1 159 14 74 74
1537_0039_0095_0088_0088.jpg 1 39 95 88 88
1538_0476_0089_0093_0093.jpg 1 476 89 93 93
1539_0143_0128_0069_0069.jpg 1 143 128 69 69
1540_0115_0065_0084_0084.jpg 1 115 65 84 84
1541_0371_0203_0091_0091.jpg 1 371 203 91 91
1542_0029_0117_0060_0060.jpg 1 29 117 60 60
1543_0062_0022_0094_0094.jpg 1 62 22 94 94
1544_0472_0139_0063_0063.jpg 1 472 139 63 63
1545_0274_0280_0049_0049.jpg 1 274 280 49 49
1546_0166_0322_0083_0083.jpg 1 166 322 83 83
1547_0215_0047_0031_0031.jpg 1 215 47 31 31
1548_0139_0036_0066_0066.jpg 1 139 36 66 66
1549_0029_0121_0074_0074.jpg 1 29 121 74 74
1550_0300_0129_0071_0071.jpg 1 300 129 71 71
1551_0233_0090_0061_0061.jpg 1 233 90 61 61
1552_0219_0125_0054_0054.jpg 1 219 125 54 54
1553_0469_0317_0047_0047.jpg 1 469 317 47 47
1554_0378_0114_0041_0041.jpg 1 378 114 41 41
1555_0510_0206_0036_0036.jpg 1 510 206 36 36
1556_0068_0056_0037_0037.jpg 1 68 56 37 37
1557_0436_0169_0051_0051.jpg 1 436 169 51 51
1558_0046_0044_0060_0060.jpg 1 46 44 60 60
1559_0098_0150_0061_0061.jpg 1 98 150 61 61
1560_0267_0227_0038_0038.jpg 1 267 227 38 38
1561_0163_0133_0047_0047.jpg 1 163 133 47 47
1562_0130_0160_0041_0041.jpg 1 130 160 41 41
1563_0312_0509_0039_0039.jpg 1 312 509 39 39
1564_0205_0132_0079_0079.jpg 1 205 132 79 79
1565_0228_0141_0032_0032.jpg 1 228 141 32 32
1566_0222_0069_0067_0067.jpg 1 222 69 67 67
1567_0027_0127_0097_0097.jpg 1 27 127 97 97
1568_0400_0233_0078_0078.jpg 1 400 233 78 78
1569_0305_0110_0063_0063.jpg 1 305 110 63 63
1570_0257_0207_0039_0039.jpg 1 257 207 39 39
1571_0033_0060_0070_0070.jpg 1 33 60 70 70
1572_0059_0095_0061_0061.jpg 1 59 95 61 61
1573_0466_0081_0024_0024.jpg 1 466 81 24 24
1574_0319_0054_0025_0025.jpg 1 319 54 25 25
1575_0166_0113_0061_0061.jpg 1 166 113 61 61
1576_0143_0026_0035_0035.jpg 1 143 26 35 35
1577_0123_0077_0041_0041.jpg 1 123 77 41 41
1578_0053_0053_0026_0026.jpg 1 53 53 26 26
1579_0361_0173_0057_0057.jpg 1 361 173 57 57
1580_0080_0238_0078_0078.jpg 1 80 238 78 78
1581_0379_0124_0050_0050.jpg 1 379 124 50 50
1582_0395_0149_0063_0063.jpg 1 395 149 63 63
1583_0405_0116_0098_0098.jpg 1 405 116 98 98
1584_0267_0339_0094_0094.jpg 1 267 339 94 94
1585_0052_0039_0028_0028.jpg 1 52 39 28 28
1586_0085_0110_0081_0081.jpg 1 85 110 81 81
1587_0337_0161_0050_0050.jpg 1 337 161 50 50
1588_0220_0059_0062_0062.jpg 1 220 59 62 62
1589_0052_0478_0033_0033.jpg 1 52 478 33 33
1590_0107_0051_0094_0094.jpg 1 107 51 94 94
1591_0223_0232_0096_0096.jpg 1 223 232 96 96
1592_0229_0301_0088_0088.jpg 1 229 301 88 88
1593_0078_0102_0074_0074.jpg 1 78 102 74 74
1594_0062_0071_0088_0088.jpg 1 62 71 88 88
1595_0183_0161_0049_0049.jpg 1 183 161 49 49
1596_0208_0127_0104_0104.jpg 1 208 127 104 104
1597_0152_0144_0030_0030.jpg 1 152 144 30 30
1598_0345_0295_0076_0076.jpg 1 345 295 76 76
1599_0076_0137_0085_0085.jpg 1 76 137 85 85
1600_0505_0227_0068_0068.jpg 1 505 227 68 68
1601_0365_0191_0055_0055.jpg 1 365 191 55 55
1602_0120_0076_0083_0083.jpg 1 120 76 83 83
1603_0157_0030_0100_0100.jpg 1 157 30 100 100
1604_0418_0149_0046_0046.jpg 1 418 149 46 46
1605_0198_0043_0034_0034.jpg 1 198 43 34 34
1606_0067_0065_0056_0056.jpg 1 67 65 56 56
1607_0072_0514_0027_0027.jpg 1 72 514 27 27
1608_0067_0045_0051_0051.jpg 1 67 45 51 51
1609_0438_0156_0109_0109.jpg 1 438 156 109 109
1610_0078_0063_0104_0104.jpg 1 78 63 104 104
1611_0253_0374_0100_0100.jpg 1 253 374 100 100
1612_0164_0036_0059_0059.jpg 1 164 36 59 59
1613_0199_0078_0065_0065.jpg 1 199 78 65 65
1614_0046_0158_0046_0046.jpg 1 46 158 46 46
1615_0476_0112_0084_0084.jpg 1 476 112 84 84
1616_0432_0265_0094_0094.jpg 1 432 265 94 94
1617_0316_0142_0047_0047.jpg 1 316 142 47 47
1618_0082_0156_0054_0054.jpg 1 82 156 54 54
1619_0323_0252_0083_0083.jpg 1 323 252 83 83
1620_0378_0067_0040_0040.jpg 1 378 67 40 40
1621_0058_0313_0089_0089.jpg 1 58 313 89 89
1622_0154_0052_0055_0055.jpg 1 154 52 55 55
1623_0014_0082_0041_0041.jpg 1 14 82 41 41
1624_0169_0094_0082_0082.jpg 1 169 94 82 82
1625_0125_0122_0097_0097.jpg 1 125 122 97 97
1626_0106_0304_0032_0032.jpg 1 106 304 32 32
1627_0115_0162_0084_0084.jpg 1 115 162 84 84
1628_0057_0025_0104_0104.jpg 1 57 25 104 104
1629_0171_0055_0076_0076.jpg 1 171 55 76 76
1630_0143_0046_0089_0089.jpg 1 143 46 89 89
1631_0052_0027_0108_0108.jpg 1 52 27 108 108
1632_0104_0094_0095_0095.jpg 1 104 94 95 95
1633_0044_0123_0029_0029.jpg 1 44 123 29 29
1634_0344_0348_0058_0058.jpg 1 344 348 58 58
1635_0231_0310_0076_0076.jpg 1 231 310 76 76
1636_0159_0077_0065_0065.jpg 1 159 77 65 65
1637_0441_0165_0070_0070.jpg 1 441 165 70 70
1638_0059_0124_0065_0065.jpg 1 59 124 65 65
1639_0051_0128_0067_0067.jpg 1 51 128 67 67
1640_0204_0137_0087_0087.jpg 1 204 137 87 87
1641_0276_0252_0073_0073.jpg 1 276 252 73 73
1642_0130_0100_0098_0098.jpg 1 130 100 98 98
1643_0025_0179_0035_0035.jpg 1 25 179 35 35
1644_0204_0178_0060_0060.jpg 1 204 178 60 60
1645_0042_0094_0093_0093.jpg 1 42 94 93 93
1646_0329_0191_0061_0061.jpg 1 329 191 61 61
1647_0111_0051_0084_0084.jpg 1 111 51 84 84
1648_0033_0055_0079_0079.jpg 1 33 55 79 79
1649_0168_0028_0085_0085.jpg 1 168 28 85 85
1650_0121_0092_0087_0087.jpg 1 121 92 87 87
1651_0024_0053_0094_0094.jpg 1 24 53 94 94
1652_0504_0098_0051_0051.jpg 1 504 98 51 51
1653_0100_0137_0101_0101.jpg 1 100 137 101 101
1654_0478_0182_0086_0086.jpg 1 478 182 86 86
1655_0144_0026_0079_0079.jpg 1 144 26 79 79
1656_0275_0302_0064_0064.jpg 1 275 302 64 64
1657_0144_0262_0058_0058.jpg 1 144 262 58 58
1658_0031_0144_0053_0053.jpg 1 31 144 53 53
1659_0200_0165_0036_0036.jpg 1 200 165 36 36
1660_0115_0217_0088_0088.jpg 1 115 217 88 88
1661_0072_0391_0052_0052.jpg 1 72 391 52 52
1662_0434_0240_0098_0098.jpg 1 434 240 98 98
1663_0258_0245_0066_0066.jpg 1 258 245 66 66
1664_0132_0033_0055_0055.jpg 1 132 33 55 55
1665_0373_0059_0106_0106.jpg 1 373 59 106 106
1666_0062_0115_0035_0035.jpg 1 62 115 35 35
1667_0482_0097_0036_0036.jpg 1 482 97 36 36
1668_0025_0041_0055_0055.jpg 1 25 41 55 55
1669_0066_0345_0053_0053.jpg 1 66 345 53 53
1670_0040_0443_0076_0076.jpg 1 40 443 76 76
1671_0035_0080_0033_0033.jpg 1 35 80 33 33
1672_0152_0236_0058_0058.jpg 1 152 236 58 58
1673_0176_0182_0044_0044.jpg 1 176 182 44 44
1674_0027_0174_0028_0028.jpg 1 27 174 28 28
1675_0500_0234_0042_0042.jpg 1 500 234 42 42
1676_0130_0020_0106_0106.jpg 1 130 20 106 106
1677_0067_0176_0099_0099.jpg 1 67 176 99 99
1678_0159_0231_0073_0073.jpg 1 159 231 73 73
1679_0026_0102_0087_0087.jpg 1 26 102 87 87
1680_0178_0135_0069_0069.jpg 1 178 135 69 69
1681_0078_0017_0072_0072.jpg 1 78 17 72 72
1682_0099_0467_0105_0105.jpg 1 99 467 105 105
1683_0144_0078_0085_0085.jpg 1 144 78 85 85
1684_0085_0103_0076_0076.jpg 1 85 103 76 76
1685_0380_0131_0105_0105.jpg 1 380 131 105 105
1686_0175_0278_0089_0089.jpg 1 175 278 89 89
1687_0085_0032_0050_0050.jpg 1 85 32 50 50
1688_0076_0304_0026_0026.jpg 1 76 304 26 26
1689_0420_0290_0082_0082.jpg 1 420 290 82 82
1690_0168_0273_0090_0090.jpg 1 168 273 90 90
1691_0400_0340_0024_0024.jpg 1 400 340 24 24
1692_0253_0178_0078_0078.jpg 1 253 178 78 78
1693_0384_0341_0081_0081.jpg 1 384 341 81 81
1694_0376_0131_0096_0096.jpg 1 376 131 96 96
1695_0227_0102_0050_0050.jpg 1 227 102 50 50
1696_0414_0051_0099_0099.jpg 1 414 51 99 99
1697_0114_0241_0110_0110.jpg 1 114 241 110 110
1698_0040_0103_0082_0082.jpg 1 40 103 82 82
1699_0059_0057_0036_0036.jpg 1 59 57 36 36
1700_0047_0033_0077_0077.jpg 1 47 33 77 77
1701_0454_0275_0039_0039.jpg 1 454 275 39 39
1702_0441_0178_0058_0058.jpg 1 441 178 58 58
1703_0042_0048_0048_0048.jpg 1 42 48 48 48
1704_0335_0142_0075_0075.jpg 1 335 142 75 75
1705_0182_0154_0040_0040.jpg 1 182 154 40 40
1706_0176_0085_0075_0075.jpg 1 176 85 75 75
1707_0120_0104_0106_0106.jpg 1 120 104 106 106
1708_0094_0111_0060_0060.jpg 1 94 111 60 60
1709_0158_0306_0107_0107.jpg 1 158 306 107 107
1710_0149_0064_0085_0085.jpg 1 149 64 85 85
1711_0491_0094_0093_0093.jpg 1 491 94 93 93
1712_0116_0274_0087_0087.jpg 1 116 274 87 87
1713_0440_0249_0102_0102.jpg 1 440 249 102 102
1714_0153_0073_0104_0104.jpg 1 153 73 104 104
1715_0240_0016_0035_0035.jpg 1 240 16 35 35
1716_0125_0120_0088_0088.jpg 1 125 120 88 88
1717_0261_0075_0053_0053.jpg 1 261 75 53 53
1718_0168_0098_0098_0098.jpg 1 168 98 98 98
1719_0058_0317_0092_0092.jpg 1 58 317 92 92
1720_0197_0179_0053_0053.jpg 1 197 179 53 53
1721_0026_0031_0079_0079.jpg 1 26 31 79 79
1722_0347_0044_0031_0031.jpg 1 347 44 31 31
1723_0051_0154_0061_0061.jpg 1 51 154 61 61
1724_0130_0019_0100_0100.jpg 1 130 19 100 100
1725_0140_0354_0082_0082.jpg 1 140 354 82 82
1726_0239_0333_0080_0080.jpg 1 239 333 80 80
1727_0450_0061_0110_0110.jpg 1 450 61 110 110
1728_0034_0112_0066_0066.jpg 1 34 112 66 66
1729_0174_0096_0089_0089.jpg 1 174 96 89 89
1730_0380_0215_0073_0073.jpg 1 380 215 73 73
1731_0037_0101_0048_0048.jpg 1 37 101 48 48
1732_0078_0031_0087_0087.jpg 1 78 31 87 87
1733_0051_0104_0104_0104.jpg 1 51 104 104 104
1734_0026_0042_0089_0089.jpg 1 26 42 89 89
1735_0109_0172_0055_0055.jpg 1 109 172 55 55
1736_0081_0197_0024_0024.jpg 1 81 197 24 24
1737_0076_0082_0090_0090.jpg 1 76 82 90 90
1738_0115_0075_0044_0044.jpg 1 115 75 44 44
1739_0173_0073_0030_0030.jpg 1 173 73 30 30
1740_0210_0051_0074_0074.jpg 1 210 51 74 74
1741_0447_0045_0084_0084.jpg 1 447 45 84 84
1742_0030_0067_0046_0046.jpg 1 30 67 46 46
1743_0045_0116_0044_0044.jpg 1 45 116 44 44
1744_0292_0400_0028_0028.jpg 1 292 400 28 28
1745_0373_0316_0035_0035.jpg 1 373 316 35 35
1746_0382_0185_0048_0048.jpg 1 382 185 48 48
1747_0019_0060_0063_0063.jpg 1 19 60 63 63
1748_0024_0051_0105_0105.jpg 1 24 51 105 105
1749_0518_0083_0025_0025.jpg 1 518 83 25 25
1750_0220_0036_0037_0037.jpg 1 220 36 37 37
1751_0440_0364_0058_0058.jpg 1 440 364 58 58
1752_0122_0088_0094_0094.jpg 1 122 88 94 94
1753_0230_0225_0045_0045.jpg 1 230 225 45 45
1754_0106_0024_0063_0063.jpg 1 106 24 63 63
1755_0027_0119_0105_0105.jpg 1 27 119 105 105
1756_0364_0273_0069_0069.jpg 1 364 273 69 69
1757_0501_0046_0027_0027.jpg 1 501 46 27 27
1758_0168_0158_0053_0053.jpg 1 168 158 53 53
1759_0138_0090_0091_0091.jpg 1 138 90 91 91
1760_0265_0361_0077_0077.jpg 1 265 361 77 77
1761_0027_0073_0110_0110.jpg 1 27 73 110 110
1762_0207_0061_0085_0085.jpg 1 207 61 85 85
1763_0198_0058_0067_0067.jpg 1 198 58 67 67
1764_0034_0126_0097_0097.jpg 1 34 126 97 97
1765_0065_0123_0088_0088.jpg 1 65 123 88 88
1766_0043_0079_0079_0079.jpg 1 43 79 79 79
1767_0082_0141_0069_0069.jpg 1 82 141 69 69
1768_0123_0057_0083_0083.jpg 1 123 57 83 83
1769_0045_0032_0090_0090.jpg 1 45 32 90 90
1770_0110_0160_0032_0032.jpg 1 110 160 32 32
1771_0397_0158_0099_0099.jpg 1 397 158 99 99
1772_0269_0112_0090_0090.jpg 1 269 112 90 90
1773_0448_0335_0081_0081.jpg 1 448 335 81 81
1774_0348_0191_0088_0088.jpg 1 348 191 88 88
1775_0059_0125_0048_0048.jpg 1 59 125 48 48
1776_0091_0040_0058_0058.jpg 1 91 40 58 58
1777_0341_0072_0052_0052.jpg 1 341 72 52 52
1778_0037_0115_0094_0094.jpg 1 37 115 94 94
1779_0143_0137_0064_0064.jpg 1 143 137 64 64
1780_0192_0143_0051_0051.jpg 1 192 143 51 51
1781_0093_0200_0054_0054.jpg 1 93 200 54 54
1782_0004_0066_0108_0108.jpg 1 4 66 108 108
1783_0172_0485_0072_0072.jpg 1 172 485 72 72
1784_0196_0056_0070_0070.jpg 1 196 56 70 70
1785_0064_0113_0035_0035.jpg 1 64 113 35 35
1786_0180_0496_0034_0034.jpg 1 180 496 34 34
1787_0083_0246_0047_0047.jpg 1 83 246 47 47
1788_0202_0532_0025_0025.jpg 1 202 532 25 25
1789_0258_0085_0050_0050.jpg 1 258 85 50 50
1790_0062_0245_0078_0078.jpg 1 62 245 78 78
1791_0218_0312_0081_0081.jpg 1 218 312 81 81
1792_0254_0358_0092_0092.jpg 1 254 358 92 92
1793_0139_0029_0098_0098.jpg 1 139 29 98 98
1794_0032_0129_0046_0046.jpg 1 32 129 46 46
1795_0240_0177_0051_0051.jpg 1 240 177 51 51
1796_0125_0111_0084_0084.jpg 1 125 111 84 84
1797_0054_0051_0040_0040.jpg 1 54 51 40 40
1798_0056_0075_0045_0045.jpg 1 56 75 45 45
1799_0018_0029_0081_0081.jpg 1 18 29 81 81
1800_0460_0186_0103_0103.jpg 1 460 186 103 103
1801_0509_0114_0053_0053.jpg 1 509 114 53 53
1802_0248_0379_0027_0027.jpg 1 248 379 27 27
1803_0086_0293_0036_0036.jpg 1 86 293 36 36
1804_0085_0108_0089_0089.jpg 1 85 108 89 89
1805_0121_0065_0095_0095.jpg 1 121 65 95 95
1806_0441_0307_0043_0043.jpg 1 441 307 43 43
1807_0144_0040_0057_0057.jpg 1 144 40 57 57
1808_0154_0130_0059_0059.jpg 1 154 130 59 59
1809_0057_0028_0067_0067.jpg 1 57 28 67 67
1810_0168_0111_0055_0055.jpg 1 168 111 55 55
1811_0180_0086_0069_0069.jpg 1 180 86 69 69
1812_0400_0046_0091_0091.jpg 1 400 46 91 91
1813_0028_0146_0035_0035.jpg 1 28 146 35 35
1814_0165_0117_0038_0038.jpg 1 165 117 38 38
1815_0476_0196_0062_0062.jpg 1 476 196 62 62
1816_0075_0069_0074_0074.jpg 1 75 69 74 74
1817_0498_0198_0034_0034.jpg 1 498 198 34 34
1818_0343_0316_0079_0079.jpg 1 343 316 79 79
1819_0072_0060_0089_0089.jpg 1 72 60 89 89
1820_0189_0037_0065_0065.jpg 1 189 37 65 65
1821_0075_0016_0104_0104.jpg 1 75 16 104 104
1822_0149_0048_0073_0073.jpg 1 149 48 73 73
1823_0129_0329_0094_0094.jpg 1 129 329 94 94
1824_0028_0030_0060_0060.jpg 1 28 30 60 60
1825_0370_0167_0068_0068.jpg 1 370 167 68 68
1826_0197_0190_0076_0076.jpg 1 197 190 76 76
1827_0330_0085_0103_0103.jpg 1 330 85 103 103
1828_0071_0039_0086_0086.jpg 1 71 39 86 86
1829_0083_0051_0050_0050.jpg 1 83 51 50 50
1830_0162_0173_0025_0025.jpg 1 162 173 25 25
1831_0204_0187_0089_0089.jpg 1 204 187 89 89
1832_0332_0227_0061_0061.jpg 1 332 227 61 61
1833_0521_0074_0042_0042.jpg 1 521 74 42 42
1834_0344_0091_0080_0080.jpg 1 344 91 80 80
1835_0115_0092_0093_0093.jpg 1 115 92 93 93
1836_0423_0092_0046_0046.jpg 1 423 92 46 46
1837_0126_0142_0067_0067.jpg 1 126 142 67 67
1838_0087_0108_0029_0029.jpg 1 87 108 29 29
1839_0293_0053_0026_0026.jpg 1 293 53 26 26
1840_0279_0139_0040_0040.jpg 1 279 139 40 40
1841_0371_0246_0098_0098.jpg 1 371 246 98 98
1842_0200_0086_0042_0042.jpg 1 200 86 42 42
1843_0095_0017_0094_0094.jpg 1 95 17 94 94
1844_0229_0188_0041_0041.jpg 1 229 188 41 41
1845_0072_0124_0025_0025.jpg 1 72 124 25 25
1846_0536_0282_0043_0043.jpg 1 536 282 43 43
1847_0183_0164_0027_0027.jpg 1 183 164 27 27
1848_0078_0048_0073_0073.jpg 1 78 48 73 73
1849_0055_0041_0051_0051.jpg 1 55 41 51 51
1850_0323_0060_0027_0027.jpg 1 323 60 27 27
1851_0078_0311_0093_0093.jpg 1 78 311 93 93
1852_0231_0064_0076_0076.jpg 1 231 64 76 76
1853_0364_0234_0042_0042.jpg 1 364 234 42 42
1854_0027_0039_0045_0045.jpg 1 27 39 45 45
1855_0088_0050_0109_0109.jpg 1 88 50 109 109
1856_0021_0120_0050_0050.jpg 1 21 120 50 50
1857_0046_0128_0090_0090.jpg 1 46 128 90 90
1858_0471_0275_0071_0071.jpg 1 471 275 71 71
1859_0156_0072_0073_0073.jpg 1 156 72 73 73
1860_0011_0109_0082_0082.jpg 1 11 109 82 82
1861_0137_0169_0047_0047.jpg 1 137 169 47 47
1862_0053_0285_0054_0054.jpg 1 53 285 54 54
1863_0294_0120_0110_0110.jpg 1 294 120 110 110
1864_0079_0089_0025_0025.jpg 1 79 89 25 25
1865_0129_0332_0100_0100.jpg 1 129 332 100 100
1866_0254_0082_0062_0062.jpg 1 254 82 62 62
1867_0021_0135_0045_0045.jpg 1 21 135 45 45
1868_0149_0255_0090_0090.jpg 1 149 255 90 90
1869_0329_0333_0068_0068.jpg 1 329 333 68 68
1870_0247_0273_0064_0064.jpg 1 247 273 64 64
1871_0055_0088_0033_0033.jpg 1 55 88 33 33
1872_0149_0467_0061_0061.jpg 1 149 467 61 61
1873_0044_0113_0065_0065.jpg 1 44 113 65 65
1874_0296_0486_0039_0039.jpg 1 296 486 39 39
1875_0223_0052_0024_0024.jpg 1 223 52 24 24
1876_0354_0360_0028_0028.jpg 1 354 360 28 28
1877_0087_0333_0035_0035.jpg 1 87 333 35 35
1878_0280_0231_0060_0060.jpg 1 280 231 60 60
1879_0075_0088_0098_0098.jpg 1 75 88 98 98
1880_0141_0065_0052_0052.jpg 1 141 65 52 52
1881_0193_0061_0103_0103.jpg 1 193 61 103 103
1882_0316_0205_0087_0087.jpg 1 316 205 87 87
1883_0194_0245_0062_0062.jpg 1 194 245 62 62
1884_0160_0114_0036_0036.jpg 1 160 114 36 36
1885_0228_0123_0035_0035.jpg 1 228 123 35 35
1886_0190_0300_0027_0027.jpg 1 190 300 27 27
1887_0228_0166_0048_0048.jpg 1 228 166 48 48
1888_0120_0126_0032_0032.jpg 1 120 126 32 32
1889_0181_0183_0031_0031.jpg 1 181 183 31 31
1890_0368_0182_0087_0087.jpg 1 368 182 87 87
1891_0187_0186_0089_0089.jpg 1 187 186 89 89
1892_0114_0111_0076_0076.jpg 1 114 111 76 76
1893_0046_0069_0109_0109.jpg 1 46 69 109 109
1894_0335_0129_0090_0090.jpg 1 335 129 90 90
1895_0315_0087_0073_0073.jpg 1 315 87 73 73
1896_0347_0276_0063_0063.jpg 1 347 276 63 63
1897_0249_0347_0038_0038.jpg 1 249 347 38 38
1898_0068_0075_0048_0048.jpg 1 68 75 48 48
1899_0203_0247_0033_0033.jpg 1 203 247 33 33
1900_0197_0040_0057_0057.jpg 1 197 40 57 57
1901_0208_0183_0030_0030.jpg 1 208 183 30 30
1902_0328_0289_0041_0041.jpg 1 328 289 41 41
1903_0247_0206_0101_0101.jpg 1 247 206 101 101
1904_0037_0110_0088_0088.jpg 1 37 110 88 88
1905_0028_0022_0037_0037.jpg 1 28 22 37 37
1906_0104_0353_0027_0027.jpg 1 104 353 27 27
1907_0036_0025_0093_0093.jpg 1 36 25 93 93
1908_0478_0134_0097_0097.jpg 1 478 134 97 97
1909_0155_0068_0050_0050.jpg 1 155 68 50 50
1910_0118_0080_0048_0048.jpg 1 118 80 48 48
1911_0034_0102_0031_0031.jpg 1 34 102 31 31
1912_0127_0062_0110_0110.jpg 1 127 62 110 110
1913_0157_0088_0027_0027.jpg 1 157 88 27 27
1914_0164_0387_0068_0068.jpg 1 164 387 68 68
1915_0326_0278_0069_0069.jpg 1 326 278 69 69
1916_0342_0050_0096_0096.jpg 1 342 50 96 96
1917_0147_0251_0087_0087.jpg 1 147 251 87 87
1918_0432_0253_0079_0079.jpg 1 432 253 79 79
1919_0120_0044_0070_0070.jpg 1 120 44 70 70
1920_0318_0198_0068_0068.jpg 1 318 198 68 68
1921_0479_0206_0061_0061.jpg 1 479 206 61 61
1922_0426_0314_0100_0100.jpg 1 426 314 100 100
1923_0183_0261_0064_0064.jpg 1 183 261 64 64
1924_0052_0027_0029_0029.jpg 1 52 27 29 29
1925_0041_0114_0104_0104.jpg 1 41 114 104 104
1926_0118_0370_0035_0035.jpg 1 118 370 35 35
1927_0048_0066_0093_0093.jpg 1 48 66 93 93
1928_0009_0059_0099_0099.jpg 1 9 59 99 99
1929_0281_0162_0097_0097.jpg 1 281 162 97 97
1930_0153_0098_0043_0043.jpg 1 153 98 43 43
1931_0043_0024_0092_0092.jpg 1 43 24 92 92
1932_0415_0171_0066_0066.jpg 1 415 171 66 66
1933_0534_0159_0024_0024.jpg 1 534 159 24 24
1934_0305_0259_0096_0096.jpg 1 305 259 96 96
1935_0078_0092_0088_0088.jpg 1 78 92 88 88
1936_0191_0465_0064_0064.jpg 1 191 465 64 64
1937_0065_0297_0057_0057.jpg 1 65 297 57 57
1938_0059_0058_0057_0057.jpg 1 59 58 57 57
